{"meta": {"format": 3, "version": "7.10.7", "timestamp": "2025-10-24T16:36:02.396721", "branch_coverage": false, "show_contexts": false}, "files": {"app/__init__.py": {"executed_lines": [1], "summary": {"covered_lines": 0, "num_statements": 0, "percent_covered": 100.0, "percent_covered_display": "100.00", "missing_lines": 0, "excluded_lines": 0}, "missing_lines": [], "excluded_lines": [], "functions": {"": {"executed_lines": [], "summary": {"covered_lines": 0, "num_statements": 0, "percent_covered": 100.0, "percent_covered_display": "100.00", "missing_lines": 0, "excluded_lines": 0}, "missing_lines": [], "excluded_lines": []}}, "classes": {"": {"executed_lines": [], "summary": {"covered_lines": 0, "num_statements": 0, "percent_covered": 100.0, "percent_covered_display": "100.00", "missing_lines": 0, "excluded_lines": 0}, "missing_lines": [], "excluded_lines": []}}}, "app/api/v1/endpoints/auth.py": {"executed_lines": [1, 2, 3, 4, 5, 6, 7, 8, 9, 10, 11, 13, 14, 15, 17, 18, 19, 22, 24, 26, 27, 30, 31, 32, 35, 36, 37, 52, 53, 81, 82, 87, 89, 90, 96, 97, 102], "summary": {"covered_lines": 37, "num_statements": 49, "percent_covered": 75.51020408163265, "percent_covered_display": "75.51", "missing_lines": 12, "excluded_lines": 0}, "missing_lines": [40, 41, 47, 48, 49, 50, 63, 65, 66, 73, 74, 79], "excluded_lines": [], "functions": {"register_user": {"executed_lines": [30, 31, 32, 35, 36, 37], "summary": {"covered_lines": 6, "num_statements": 12, "percent_covered": 50.0, "percent_covered_display": "50.00", "missing_lines": 6, "excluded_lines": 0}, "missing_lines": [40, 41, 47, 48, 49, 50], "excluded_lines": []}, "login_for_access_token": {"executed_lines": [], "summary": {"covered_lines": 0, "num_statements": 6, "percent_covered": 0.0, "percent_covered_display": "0.00", "missing_lines": 6, "excluded_lines": 0}, "missing_lines": [63, 65, 66, 73, 74, 79], "excluded_lines": []}, "simple_login": {"executed_lines": [87, 89, 90, 96, 97, 102], "summary": {"covered_lines": 6, "num_statements": 6, "percent_covered": 100.0, "percent_covered_display": "100.00", "missing_lines": 0, "excluded_lines": 0}, "missing_lines": [], "excluded_lines": []}, "": {"executed_lines": [1, 2, 3, 4, 5, 6, 7, 8, 9, 10, 11, 13, 14, 15, 17, 18, 19, 22, 24, 26, 27, 52, 53, 81, 82], "summary": {"covered_lines": 25, "num_statements": 25, "percent_covered": 100.0, "percent_covered_display": "100.00", "missing_lines": 0, "excluded_lines": 0}, "missing_lines": [], "excluded_lines": []}}, "classes": {"Token": {"executed_lines": [], "summary": {"covered_lines": 0, "num_statements": 0, "percent_covered": 100.0, "percent_covered_display": "100.00", "missing_lines": 0, "excluded_lines": 0}, "missing_lines": [], "excluded_lines": []}, "LoginRequest": {"executed_lines": [], "summary": {"covered_lines": 0, "num_statements": 0, "percent_covered": 100.0, "percent_covered_display": "100.00", "missing_lines": 0, "excluded_lines": 0}, "missing_lines": [], "excluded_lines": []}, "": {"executed_lines": [1, 2, 3, 4, 5, 6, 7, 8, 9, 10, 11, 13, 14, 15, 17, 18, 19, 22, 24, 26, 27, 30, 31, 32, 35, 36, 37, 52, 53, 81, 82, 87, 89, 90, 96, 97, 102], "summary": {"covered_lines": 37, "num_statements": 49, "percent_covered": 75.51020408163265, "percent_covered_display": "75.51", "missing_lines": 12, "excluded_lines": 0}, "missing_lines": [40, 41, 47, 48, 49, 50, 63, 65, 66, 73, 74, 79], "excluded_lines": []}}}, "app/api/v1/endpoints/dependencies.py": {"executed_lines": [1, 2, 3, 4, 5, 6, 7, 9, 11, 15, 21, 22, 27, 28], "summary": {"covered_lines": 14, "num_statements": 21, "percent_covered": 66.66666666666667, "percent_covered_display": "66.67", "missing_lines": 7, "excluded_lines": 0}, "missing_lines": [23, 24, 25, 30, 32, 33, 35], "excluded_lines": [], "functions": {"get_current_user": {"executed_lines": [15, 21, 22, 27, 28], "summary": {"covered_lines": 5, "num_statements": 12, "percent_covered": 41.666666666666664, "percent_covered_display": "41.67", "missing_lines": 7, "excluded_lines": 0}, "missing_lines": [23, 24, 25, 30, 32, 33, 35], "excluded_lines": []}, "": {"executed_lines": [1, 2, 3, 4, 5, 6, 7, 9, 11], "summary": {"covered_lines": 9, "num_statements": 9, "percent_covered": 100.0, "percent_covered_display": "100.00", "missing_lines": 0, "excluded_lines": 0}, "missing_lines": [], "excluded_lines": []}}, "classes": {"": {"executed_lines": [1, 2, 3, 4, 5, 6, 7, 9, 11, 15, 21, 22, 27, 28], "summary": {"covered_lines": 14, "num_statements": 21, "percent_covered": 66.66666666666667, "percent_covered_display": "66.67", "missing_lines": 7, "excluded_lines": 0}, "missing_lines": [23, 24, 25, 30, 32, 33, 35], "excluded_lines": []}}}, "app/api/v1/endpoints/polls.py": {"executed_lines": [1, 2, 3, 4, 5, 6, 7, 8, 9, 11, 12, 13, 14, 15, 16, 17, 18, 26, 34, 40, 43, 46, 47, 48, 49, 50, 51, 52, 54, 56, 149, 157, 159, 162, 165, 170, 171, 172, 197, 199, 246, 250, 252, 264, 265, 266, 271, 281, 282, 306, 308, 311, 312, 314, 315, 318, 319, 320, 321, 322, 323, 324, 326, 334, 338, 353, 356, 364, 377, 378, 401, 403, 406, 407, 410, 411, 412, 413, 414, 415, 416, 418, 426, 430, 432, 440, 445, 448, 456, 468, 469, 471, 472, 473, 476, 477, 484, 485, 486, 504, 505, 526, 527, 534, 535, 536, 556, 557, 565, 572, 573, 574, 577, 584, 588, 589], "summary": {"covered_lines": 116, "num_statements": 182, "percent_covered": 63.73626373626374, "percent_covered_display": "63.74", "missing_lines": 66, "excluded_lines": 0}, "missing_lines": [182, 189, 190, 191, 193, 195, 201, 202, 203, 212, 213, 214, 215, 224, 225, 226, 227, 235, 236, 237, 238, 253, 272, 340, 348, 366, 367, 368, 458, 459, 460, 474, 489, 490, 496, 497, 498, 500, 501, 502, 511, 512, 513, 516, 517, 522, 523, 524, 539, 540, 546, 550, 551, 552, 554, 566, 578, 592, 596, 597, 603, 608, 611, 613, 614, 616], "excluded_lines": [], "functions": {"create_poll": {"executed_lines": [157, 159, 162, 165, 170, 171, 172, 197, 199], "summary": {"covered_lines": 9, "num_statements": 30, "percent_covered": 30.0, "percent_covered_display": "30.00", "missing_lines": 21, "excluded_lines": 0}, "missing_lines": [182, 189, 190, 191, 193, 195, 201, 202, 203, 212, 213, 214, 215, 224, 225, 226, 227, 235, 236, 237, 238], "excluded_lines": []}, "_validate_poll_business_rules": {"executed_lines": [250, 252, 264, 265, 266, 271], "summary": {"covered_lines": 6, "num_statements": 8, "percent_covered": 75.0, "percent_covered_display": "75.00", "missing_lines": 2, "excluded_lines": 0}, "missing_lines": [253, 272], "excluded_lines": []}, "get_polls": {"executed_lines": [306, 308, 311, 312, 314, 315, 318, 319, 320, 321, 322, 323, 324, 326, 334, 338, 353, 356, 364], "summary": {"covered_lines": 19, "num_statements": 24, "percent_covered": 79.16666666666667, "percent_covered_display": "79.17", "missing_lines": 5, "excluded_lines": 0}, "missing_lines": [340, 348, 366, 367, 368], "excluded_lines": []}, "get_my_polls": {"executed_lines": [401, 403, 406, 407, 410, 411, 412, 413, 414, 415, 416, 418, 426, 430, 432, 440, 445, 448, 456], "summary": {"covered_lines": 19, "num_statements": 22, "percent_covered": 86.36363636363636, "percent_covered_display": "86.36", "missing_lines": 3, "excluded_lines": 0}, "missing_lines": [458, 459, 460], "excluded_lines": []}, "get_poll": {"executed_lines": [471, 472, 473], "summary": {"covered_lines": 3, "num_statements": 4, "percent_covered": 75.0, "percent_covered_display": "75.00", "missing_lines": 1, "excluded_lines": 0}, "missing_lines": [474], "excluded_lines": []}, "update_poll": {"executed_lines": [484, 485, 486], "summary": {"covered_lines": 3, "num_statements": 11, "percent_covered": 27.272727272727273, "percent_covered_display": "27.27", "missing_lines": 8, "excluded_lines": 0}, "missing_lines": [489, 490, 496, 497, 498, 500, 501, 502], "excluded_lines": []}, "delete_poll": {"executed_lines": [], "summary": {"covered_lines": 0, "num_statements": 8, "percent_covered": 0.0, "percent_covered_display": "0.00", "missing_lines": 8, "excluded_lines": 0}, "missing_lines": [511, 512, 513, 516, 517, 522, 523, 524], "excluded_lines": []}, "add_poll_option": {"executed_lines": [534, 535, 536], "summary": {"covered_lines": 3, "num_statements": 10, "percent_covered": 30.0, "percent_covered_display": "30.00", "missing_lines": 7, "excluded_lines": 0}, "missing_lines": [539, 540, 546, 550, 551, 552, 554], "excluded_lines": []}, "vote_poll": {"executed_lines": [565, 572, 573, 574, 577, 584, 588, 589], "summary": {"covered_lines": 8, "num_statements": 19, "percent_covered": 42.10526315789474, "percent_covered_display": "42.11", "missing_lines": 11, "excluded_lines": 0}, "missing_lines": [566, 578, 592, 596, 597, 603, 608, 611, 613, 614, 616], "excluded_lines": []}, "": {"executed_lines": [1, 2, 3, 4, 5, 6, 7, 8, 9, 11, 12, 13, 14, 15, 16, 17, 18, 26, 34, 40, 43, 46, 47, 48, 49, 50, 51, 52, 54, 56, 149, 246, 281, 282, 377, 378, 468, 469, 476, 477, 504, 505, 526, 527, 556, 557], "summary": {"covered_lines": 46, "num_statements": 46, "percent_covered": 100.0, "percent_covered_display": "100.00", "missing_lines": 0, "excluded_lines": 0}, "missing_lines": [], "excluded_lines": []}}, "classes": {"SortOption": {"executed_lines": [], "summary": {"covered_lines": 0, "num_statements": 0, "percent_covered": 100.0, "percent_covered_display": "100.00", "missing_lines": 0, "excluded_lines": 0}, "missing_lines": [], "excluded_lines": []}, "": {"executed_lines": [1, 2, 3, 4, 5, 6, 7, 8, 9, 11, 12, 13, 14, 15, 16, 17, 18, 26, 34, 40, 43, 46, 47, 48, 49, 50, 51, 52, 54, 56, 149, 157, 159, 162, 165, 170, 171, 172, 197, 199, 246, 250, 252, 264, 265, 266, 271, 281, 282, 306, 308, 311, 312, 314, 315, 318, 319, 320, 321, 322, 323, 324, 326, 334, 338, 353, 356, 364, 377, 378, 401, 403, 406, 407, 410, 411, 412, 413, 414, 415, 416, 418, 426, 430, 432, 440, 445, 448, 456, 468, 469, 471, 472, 473, 476, 477, 484, 485, 486, 504, 505, 526, 527, 534, 535, 536, 556, 557, 565, 572, 573, 574, 577, 584, 588, 589], "summary": {"covered_lines": 116, "num_statements": 182, "percent_covered": 63.73626373626374, "percent_covered_display": "63.74", "missing_lines": 66, "excluded_lines": 0}, "missing_lines": [182, 189, 190, 191, 193, 195, 201, 202, 203, 212, 213, 214, 215, 224, 225, 226, 227, 235, 236, 237, 238, 253, 272, 340, 348, 366, 367, 368, 458, 459, 460, 474, 489, 490, 496, 497, 498, 500, 501, 502, 511, 512, 513, 516, 517, 522, 523, 524, 539, 540, 546, 550, 551, 552, 554, 566, 578, 592, 596, 597, 603, 608, 611, 613, 614, 616], "excluded_lines": []}}}, "app/api/v1/endpoints/users.py": {"executed_lines": [1, 2, 3, 4, 5, 6, 7, 10, 12, 13, 15, 16, 17, 34, 35, 36], "summary": {"covered_lines": 16, "num_statements": 22, "percent_covered": 72.72727272727273, "percent_covered_display": "72.73", "missing_lines": 6, "excluded_lines": 0}, "missing_lines": [20, 21, 28, 29, 30, 31], "excluded_lines": [], "functions": {"create_user": {"executed_lines": [15, 16, 17], "summary": {"covered_lines": 3, "num_statements": 9, "percent_covered": 33.333333333333336, "percent_covered_display": "33.33", "missing_lines": 6, "excluded_lines": 0}, "missing_lines": [20, 21, 28, 29, 30, 31], "excluded_lines": []}, "read_users_me": {"executed_lines": [36], "summary": {"covered_lines": 1, "num_statements": 1, "percent_covered": 100.0, "percent_covered_display": "100.00", "missing_lines": 0, "excluded_lines": 0}, "missing_lines": [], "excluded_lines": []}, "": {"executed_lines": [1, 2, 3, 4, 5, 6, 7, 10, 12, 13, 34, 35], "summary": {"covered_lines": 12, "num_statements": 12, "percent_covered": 100.0, "percent_covered_display": "100.00", "missing_lines": 0, "excluded_lines": 0}, "missing_lines": [], "excluded_lines": []}}, "classes": {"": {"executed_lines": [1, 2, 3, 4, 5, 6, 7, 10, 12, 13, 15, 16, 17, 34, 35, 36], "summary": {"covered_lines": 16, "num_statements": 22, "percent_covered": 72.72727272727273, "percent_covered_display": "72.73", "missing_lines": 6, "excluded_lines": 0}, "missing_lines": [20, 21, 28, 29, 30, 31], "excluded_lines": []}}}, "app/api/v1/utils/__init__.py": {"executed_lines": [1], "summary": {"covered_lines": 0, "num_statements": 0, "percent_covered": 100.0, "percent_covered_display": "100.00", "missing_lines": 0, "excluded_lines": 0}, "missing_lines": [], "excluded_lines": [], "functions": {"": {"executed_lines": [1], "summary": {"covered_lines": 0, "num_statements": 0, "percent_covered": 100.0, "percent_covered_display": "100.00", "missing_lines": 0, "excluded_lines": 0}, "missing_lines": [], "excluded_lines": []}}, "classes": {"": {"executed_lines": [1], "summary": {"covered_lines": 0, "num_statements": 0, "percent_covered": 100.0, "percent_covered_display": "100.00", "missing_lines": 0, "excluded_lines": 0}, "missing_lines": [], "excluded_lines": []}}}, "app/api/v1/utils/pagination.py": {"executed_lines": [1, 8, 9, 10, 11, 12, 14, 15, 19, 22, 23, 24, 25, 27, 28, 30, 33, 34, 35, 36, 37, 38, 39, 40, 43, 48, 51, 53, 54, 55, 57, 67, 69, 72, 88, 89, 92, 93, 94, 97, 98, 99, 101, 104, 120, 122, 133, 152, 153, 156, 159, 161], "summary": {"covered_lines": 49, "num_statements": 49, "percent_covered": 100.0, "percent_covered_display": "100.00", "missing_lines": 0, "excluded_lines": 0}, "missing_lines": [], "excluded_lines": [], "functions": {"PaginationParams.offset": {"executed_lines": [30], "summary": {"covered_lines": 1, "num_statements": 1, "percent_covered": 100.0, "percent_covered_display": "100.00", "missing_lines": 0, "excluded_lines": 0}, "missing_lines": [], "excluded_lines": []}, "get_pagination_params": {"executed_lines": [48], "summary": {"covered_lines": 1, "num_statements": 1, "percent_covered": 100.0, "percent_covered_display": "100.00", "missing_lines": 0, "excluded_lines": 0}, "missing_lines": [], "excluded_lines": []}, "calculate_pagination_metadata": {"executed_lines": [53, 54, 55, 57], "summary": {"covered_lines": 4, "num_statements": 4, "percent_covered": 100.0, "percent_covered_display": "100.00", "missing_lines": 0, "excluded_lines": 0}, "missing_lines": [], "excluded_lines": []}, "apply_pagination": {"executed_lines": [69], "summary": {"covered_lines": 1, "num_statements": 1, "percent_covered": 100.0, "percent_covered_display": "100.00", "missing_lines": 0, "excluded_lines": 0}, "missing_lines": [], "excluded_lines": []}, "apply_search": {"executed_lines": [88, 89, 92, 93, 94, 97, 98, 99, 101], "summary": {"covered_lines": 9, "num_statements": 9, "percent_covered": 100.0, "percent_covered_display": "100.00", "missing_lines": 0, "excluded_lines": 0}, "missing_lines": [], "excluded_lines": []}, "create_paginated_response": {"executed_lines": [120, 122], "summary": {"covered_lines": 2, "num_statements": 2, "percent_covered": 100.0, "percent_covered_display": "100.00", "missing_lines": 0, "excluded_lines": 0}, "missing_lines": [], "excluded_lines": []}, "paginate_query": {"executed_lines": [152, 153, 156, 159, 161], "summary": {"covered_lines": 5, "num_statements": 5, "percent_covered": 100.0, "percent_covered_display": "100.00", "missing_lines": 0, "excluded_lines": 0}, "missing_lines": [], "excluded_lines": []}, "": {"executed_lines": [1, 8, 9, 10, 11, 12, 14, 15, 19, 22, 23, 24, 25, 27, 28, 33, 34, 35, 36, 37, 38, 39, 40, 43, 51, 67, 72, 104, 133], "summary": {"covered_lines": 26, "num_statements": 26, "percent_covered": 100.0, "percent_covered_display": "100.00", "missing_lines": 0, "excluded_lines": 0}, "missing_lines": [], "excluded_lines": []}}, "classes": {"PaginationParams": {"executed_lines": [30], "summary": {"covered_lines": 1, "num_statements": 1, "percent_covered": 100.0, "percent_covered_display": "100.00", "missing_lines": 0, "excluded_lines": 0}, "missing_lines": [], "excluded_lines": []}, "PaginationMeta": {"executed_lines": [], "summary": {"covered_lines": 0, "num_statements": 0, "percent_covered": 100.0, "percent_covered_display": "100.00", "missing_lines": 0, "excluded_lines": 0}, "missing_lines": [], "excluded_lines": []}, "": {"executed_lines": [1, 8, 9, 10, 11, 12, 14, 15, 19, 22, 23, 24, 25, 27, 28, 33, 34, 35, 36, 37, 38, 39, 40, 43, 48, 51, 53, 54, 55, 57, 67, 69, 72, 88, 89, 92, 93, 94, 97, 98, 99, 101, 104, 120, 122, 133, 152, 153, 156, 159, 161], "summary": {"covered_lines": 48, "num_statements": 48, "percent_covered": 100.0, "percent_covered_display": "100.00", "missing_lines": 0, "excluded_lines": 0}, "missing_lines": [], "excluded_lines": []}}}, "app/core/constants.py": {"executed_lines": [1, 12, 13, 16, 17, 18, 19, 30, 37, 38, 45, 46, 49, 50, 51, 52, 55, 56, 57, 60, 61, 64, 71, 72, 75, 76, 79, 80, 81, 82, 83, 84, 87, 88, 91, 92, 93, 100, 101, 104, 105, 106, 107, 110, 111, 112, 113, 116, 117, 118, 121, 122, 123, 126, 127, 128, 129, 132, 133, 134, 141, 142, 145, 146, 147, 148, 151, 152, 153, 156, 157, 158, 161, 162, 163, 170, 171, 174, 175, 176, 177, 180, 181, 182, 189, 190, 193, 194, 197, 198, 201, 202, 209, 210, 212, 213, 214, 215, 218, 221, 222, 230, 231, 232, 235, 236, 237, 238], "summary": {"covered_lines": 99, "num_statements": 99, "percent_covered": 100.0, "percent_covered_display": "100.00", "missing_lines": 0, "excluded_lines": 0}, "missing_lines": [], "excluded_lines": [], "functions": {"": {"executed_lines": [1, 12, 13, 16, 17, 18, 19, 30, 37, 38, 45, 46, 49, 50, 51, 52, 55, 56, 57, 60, 61, 64, 71, 72, 75, 76, 79, 80, 81, 82, 83, 84, 87, 88, 91, 92, 93, 100, 101, 104, 105, 106, 107, 110, 111, 112, 113, 116, 117, 118, 121, 122, 123, 126, 127, 128, 129, 132, 133, 134, 141, 142, 145, 146, 147, 148, 151, 152, 153, 156, 157, 158, 161, 162, 163, 170, 171, 174, 175, 176, 177, 180, 181, 182, 189, 190, 193, 194, 197, 198, 201, 202, 209, 210, 212, 213, 214, 215, 218, 221, 222, 230, 231, 232, 235, 236, 237, 238], "summary": {"covered_lines": 99, "num_statements": 99, "percent_covered": 100.0, "percent_covered_display": "100.00", "missing_lines": 0, "excluded_lines": 0}, "missing_lines": [], "excluded_lines": []}}, "classes": {"APIConfig": {"executed_lines": [], "summary": {"covered_lines": 0, "num_statements": 0, "percent_covered": 100.0, "percent_covered_display": "100.00", "missing_lines": 0, "excluded_lines": 0}, "missing_lines": [], "excluded_lines": []}, "AuthConfig": {"executed_lines": [], "summary": {"covered_lines": 0, "num_statements": 0, "percent_covered": 100.0, "percent_covered_display": "100.00", "missing_lines": 0, "excluded_lines": 0}, "missing_lines": [], "excluded_lines": []}, "BusinessLimits": {"executed_lines": [], "summary": {"covered_lines": 0, "num_statements": 0, "percent_covered": 100.0, "percent_covered_display": "100.00", "missing_lines": 0, "excluded_lines": 0}, "missing_lines": [], "excluded_lines": []}, "ErrorMessages": {"executed_lines": [], "summary": {"covered_lines": 0, "num_statements": 0, "percent_covered": 100.0, "percent_covered_display": "100.00", "missing_lines": 0, "excluded_lines": 0}, "missing_lines": [], "excluded_lines": []}, "ErrorCodes": {"executed_lines": [], "summary": {"covered_lines": 0, "num_statements": 0, "percent_covered": 100.0, "percent_covered_display": "100.00", "missing_lines": 0, "excluded_lines": 0}, "missing_lines": [], "excluded_lines": []}, "DatabaseConfig": {"executed_lines": [], "summary": {"covered_lines": 0, "num_statements": 0, "percent_covered": 100.0, "percent_covered_display": "100.00", "missing_lines": 0, "excluded_lines": 0}, "missing_lines": [], "excluded_lines": []}, "LoggingConfig": {"executed_lines": [], "summary": {"covered_lines": 0, "num_statements": 0, "percent_covered": 100.0, "percent_covered_display": "100.00", "missing_lines": 0, "excluded_lines": 0}, "missing_lines": [], "excluded_lines": []}, "EnvironmentConfig": {"executed_lines": [], "summary": {"covered_lines": 0, "num_statements": 0, "percent_covered": 100.0, "percent_covered_display": "100.00", "missing_lines": 0, "excluded_lines": 0}, "missing_lines": [], "excluded_lines": []}, "": {"executed_lines": [1, 12, 13, 16, 17, 18, 19, 30, 37, 38, 45, 46, 49, 50, 51, 52, 55, 56, 57, 60, 61, 64, 71, 72, 75, 76, 79, 80, 81, 82, 83, 84, 87, 88, 91, 92, 93, 100, 101, 104, 105, 106, 107, 110, 111, 112, 113, 116, 117, 118, 121, 122, 123, 126, 127, 128, 129, 132, 133, 134, 141, 142, 145, 146, 147, 148, 151, 152, 153, 156, 157, 158, 161, 162, 163, 170, 171, 174, 175, 176, 177, 180, 181, 182, 189, 190, 193, 194, 197, 198, 201, 202, 209, 210, 212, 213, 214, 215, 218, 221, 222, 230, 231, 232, 235, 236, 237, 238], "summary": {"covered_lines": 99, "num_statements": 99, "percent_covered": 100.0, "percent_covered_display": "100.00", "missing_lines": 0, "excluded_lines": 0}, "missing_lines": [], "excluded_lines": []}}}, "app/core/exception.py": {"executed_lines": [1, 2, 3, 4, 5, 6, 7, 8, 9, 11, 13, 53, 62, 63, 66, 74, 75, 83, 84, 91, 99, 105, 147], "summary": {"covered_lines": 23, "num_statements": 44, "percent_covered": 52.27272727272727, "percent_covered_display": "52.27", "missing_lines": 21, "excluded_lines": 0}, "missing_lines": [23, 26, 27, 29, 41, 67, 111, 113, 126, 130, 131, 132, 134, 153, 156, 158, 167, 174, 175, 176, 178], "excluded_lines": [], "functions": {"validation_exception_handler": {"executed_lines": [], "summary": {"covered_lines": 0, "num_statements": 5, "percent_covered": 0.0, "percent_covered_display": "0.00", "missing_lines": 5, "excluded_lines": 0}, "missing_lines": [23, 26, 27, 29, 41], "excluded_lines": []}, "http_exception_handler": {"executed_lines": [62, 63, 66, 74, 75, 83, 84, 91, 99], "summary": {"covered_lines": 9, "num_statements": 10, "percent_covered": 90.0, "percent_covered_display": "90.00", "missing_lines": 1, "excluded_lines": 0}, "missing_lines": [67], "excluded_lines": []}, "database_exception_handler": {"executed_lines": [], "summary": {"covered_lines": 0, "num_statements": 7, "percent_covered": 0.0, "percent_covered_display": "0.00", "missing_lines": 7, "excluded_lines": 0}, "missing_lines": [111, 113, 126, 130, 131, 132, 134], "excluded_lines": []}, "general_exception_handler": {"executed_lines": [], "summary": {"covered_lines": 0, "num_statements": 8, "percent_covered": 0.0, "percent_covered_display": "0.00", "missing_lines": 8, "excluded_lines": 0}, "missing_lines": [153, 156, 158, 167, 174, 175, 176, 178], "excluded_lines": []}, "": {"executed_lines": [1, 2, 3, 4, 5, 6, 7, 8, 9, 11, 13, 53, 105, 147], "summary": {"covered_lines": 14, "num_statements": 14, "percent_covered": 100.0, "percent_covered_display": "100.00", "missing_lines": 0, "excluded_lines": 0}, "missing_lines": [], "excluded_lines": []}}, "classes": {"": {"executed_lines": [1, 2, 3, 4, 5, 6, 7, 8, 9, 11, 13, 53, 62, 63, 66, 74, 75, 83, 84, 91, 99, 105, 147], "summary": {"covered_lines": 23, "num_statements": 44, "percent_covered": 52.27272727272727, "percent_covered_display": "52.27", "missing_lines": 21, "excluded_lines": 0}, "missing_lines": [23, 26, 27, 29, 41, 67, 111, 113, 126, 130, 131, 132, 134, 153, 156, 158, 167, 174, 175, 176, 178], "excluded_lines": []}}}, "app/core/security.py": {"executed_lines": [1, 2, 3, 4, 5, 6, 8, 11, 14, 15, 16, 19, 27, 28, 29, 30, 32, 33, 35, 37, 38, 42, 43, 44, 46, 47, 48, 51, 53, 56, 57, 58, 59, 61, 62, 63, 64], "summary": {"covered_lines": 37, "num_statements": 38, "percent_covered": 97.36842105263158, "percent_covered_display": "97.37", "missing_lines": 1, "excluded_lines": 0}, "missing_lines": [40], "excluded_lines": [], "functions": {"verify_password": {"executed_lines": [28, 29, 30, 32, 33], "summary": {"covered_lines": 5, "num_statements": 5, "percent_covered": 100.0, "percent_covered_display": "100.00", "missing_lines": 0, "excluded_lines": 0}, "missing_lines": [], "excluded_lines": []}, "get_password_hash": {"executed_lines": [37, 38, 42, 43, 44, 46, 47, 48], "summary": {"covered_lines": 8, "num_statements": 9, "percent_covered": 88.88888888888889, "percent_covered_display": "88.89", "missing_lines": 1, "excluded_lines": 0}, "missing_lines": [40], "excluded_lines": []}, "hash_password": {"executed_lines": [53], "summary": {"covered_lines": 1, "num_statements": 1, "percent_covered": 100.0, "percent_covered_display": "100.00", "missing_lines": 0, "excluded_lines": 0}, "missing_lines": [], "excluded_lines": []}, "create_access_token": {"executed_lines": [57, 58, 59, 61, 62, 63, 64], "summary": {"covered_lines": 7, "num_statements": 7, "percent_covered": 100.0, "percent_covered_display": "100.00", "missing_lines": 0, "excluded_lines": 0}, "missing_lines": [], "excluded_lines": []}, "": {"executed_lines": [1, 2, 3, 4, 5, 6, 8, 11, 14, 15, 16, 19, 27, 35, 51, 56], "summary": {"covered_lines": 16, "num_statements": 16, "percent_covered": 100.0, "percent_covered_display": "100.00", "missing_lines": 0, "excluded_lines": 0}, "missing_lines": [], "excluded_lines": []}}, "classes": {"": {"executed_lines": [1, 2, 3, 4, 5, 6, 8, 11, 14, 15, 16, 19, 27, 28, 29, 30, 32, 33, 35, 37, 38, 42, 43, 44, 46, 47, 48, 51, 53, 56, 57, 58, 59, 61, 62, 63, 64], "summary": {"covered_lines": 37, "num_statements": 38, "percent_covered": 97.36842105263158, "percent_covered_display": "97.37", "missing_lines": 1, "excluded_lines": 0}, "missing_lines": [40], "excluded_lines": []}}}, "app/db/database.py": {"executed_lines": [1, 2, 3, 4, 7, 10, 13, 15, 22, 25, 28, 29, 30, 31, 33], "summary": {"covered_lines": 15, "num_statements": 16, "percent_covered": 93.75, "percent_covered_display": "93.75", "missing_lines": 1, "excluded_lines": 0}, "missing_lines": [21], "excluded_lines": [], "functions": {"get_db": {"executed_lines": [29, 30, 31, 33], "summary": {"covered_lines": 4, "num_statements": 4, "percent_covered": 100.0, "percent_covered_display": "100.00", "missing_lines": 0, "excluded_lines": 0}, "missing_lines": [], "excluded_lines": []}, "": {"executed_lines": [1, 2, 3, 4, 7, 10, 13, 15, 22, 25, 28], "summary": {"covered_lines": 11, "num_statements": 12, "percent_covered": 91.66666666666667, "percent_covered_display": "91.67", "missing_lines": 1, "excluded_lines": 0}, "missing_lines": [21], "excluded_lines": []}}, "classes": {"": {"executed_lines": [1, 2, 3, 4, 7, 10, 13, 15, 22, 25, 28, 29, 30, 31, 33], "summary": {"covered_lines": 15, "num_statements": 16, "percent_covered": 93.75, "percent_covered_display": "93.75", "missing_lines": 1, "excluded_lines": 0}, "missing_lines": [21], "excluded_lines": []}}}, "app/models/polls.py": {"executed_lines": [1, 2, 3, 4, 7, 8, 10, 11, 12, 13, 16, 17, 20, 22, 30, 31, 33, 34, 35, 36, 39, 42, 49, 50, 52, 53, 54, 55, 56, 59, 60, 61, 64], "summary": {"covered_lines": 33, "num_statements": 33, "percent_covered": 100.0, "percent_covered_display": "100.00", "missing_lines": 0, "excluded_lines": 0}, "missing_lines": [], "excluded_lines": [], "functions": {"": {"executed_lines": [1, 2, 3, 4, 7, 8, 10, 11, 12, 13, 16, 17, 20, 22, 30, 31, 33, 34, 35, 36, 39, 42, 49, 50, 52, 53, 54, 55, 56, 59, 60, 61, 64], "summary": {"covered_lines": 33, "num_statements": 33, "percent_covered": 100.0, "percent_covered_display": "100.00", "missing_lines": 0, "excluded_lines": 0}, "missing_lines": [], "excluded_lines": []}}, "classes": {"Poll": {"executed_lines": [], "summary": {"covered_lines": 0, "num_statements": 0, "percent_covered": 100.0, "percent_covered_display": "100.00", "missing_lines": 0, "excluded_lines": 0}, "missing_lines": [], "excluded_lines": []}, "PollOption": {"executed_lines": [], "summary": {"covered_lines": 0, "num_statements": 0, "percent_covered": 100.0, "percent_covered_display": "100.00", "missing_lines": 0, "excluded_lines": 0}, "missing_lines": [], "excluded_lines": []}, "Vote": {"executed_lines": [], "summary": {"covered_lines": 0, "num_statements": 0, "percent_covered": 100.0, "percent_covered_display": "100.00", "missing_lines": 0, "excluded_lines": 0}, "missing_lines": [], "excluded_lines": []}, "": {"executed_lines": [1, 2, 3, 4, 7, 8, 10, 11, 12, 13, 16, 17, 20, 22, 30, 31, 33, 34, 35, 36, 39, 42, 49, 50, 52, 53, 54, 55, 56, 59, 60, 61, 64], "summary": {"covered_lines": 33, "num_statements": 33, "percent_covered": 100.0, "percent_covered_display": "100.00", "missing_lines": 0, "excluded_lines": 0}, "missing_lines": [], "excluded_lines": []}}}, "app/models/user.py": {"executed_lines": [1, 2, 3, 6, 7, 9, 10, 11, 12, 13, 14, 17, 19], "summary": {"covered_lines": 13, "num_statements": 13, "percent_covered": 100.0, "percent_covered_display": "100.00", "missing_lines": 0, "excluded_lines": 0}, "missing_lines": [], "excluded_lines": [], "functions": {"": {"executed_lines": [1, 2, 3, 6, 7, 9, 10, 11, 12, 13, 14, 17, 19], "summary": {"covered_lines": 13, "num_statements": 13, "percent_covered": 100.0, "percent_covered_display": "100.00", "missing_lines": 0, "excluded_lines": 0}, "missing_lines": [], "excluded_lines": []}}, "classes": {"User": {"executed_lines": [], "summary": {"covered_lines": 0, "num_statements": 0, "percent_covered": 100.0, "percent_covered_display": "100.00", "missing_lines": 0, "excluded_lines": 0}, "missing_lines": [], "excluded_lines": []}, "": {"executed_lines": [1, 2, 3, 6, 7, 9, 10, 11, 12, 13, 14, 17, 19], "summary": {"covered_lines": 13, "num_statements": 13, "percent_covered": 100.0, "percent_covered_display": "100.00", "missing_lines": 0, "excluded_lines": 0}, "missing_lines": [], "excluded_lines": []}}}, "app/schemas/common.py": {"executed_lines": [1, 7, 8, 12, 15, 16, 17, 18, 19, 20, 21, 22, 23, 25, 26], "summary": {"covered_lines": 13, "num_statements": 13, "percent_covered": 100.0, "percent_covered_display": "100.00", "missing_lines": 0, "excluded_lines": 0}, "missing_lines": [], "excluded_lines": [], "functions": {"": {"executed_lines": [1, 7, 8, 12, 15, 16, 17, 18, 19, 20, 21, 22, 23, 25, 26], "summary": {"covered_lines": 13, "num_statements": 13, "percent_covered": 100.0, "percent_covered_display": "100.00", "missing_lines": 0, "excluded_lines": 0}, "missing_lines": [], "excluded_lines": []}}, "classes": {"PaginatedResponse": {"executed_lines": [], "summary": {"covered_lines": 0, "num_statements": 0, "percent_covered": 100.0, "percent_covered_display": "100.00", "missing_lines": 0, "excluded_lines": 0}, "missing_lines": [], "excluded_lines": []}, "PaginatedResponse.Config": {"executed_lines": [], "summary": {"covered_lines": 0, "num_statements": 0, "percent_covered": 100.0, "percent_covered_display": "100.00", "missing_lines": 0, "excluded_lines": 0}, "missing_lines": [], "excluded_lines": []}, "": {"executed_lines": [1, 7, 8, 12, 15, 16, 17, 18, 19, 20, 21, 22, 23, 25, 26], "summary": {"covered_lines": 13, "num_statements": 13, "percent_covered": 100.0, "percent_covered_display": "100.00", "missing_lines": 0, "excluded_lines": 0}, "missing_lines": [], "excluded_lines": []}}}, "app/schemas/error.py": {"executed_lines": [1, 2, 3, 5, 6, 7, 8, 9, 10, 12, 13, 14, 15, 16, 17, 18, 20, 21, 22, 23, 24, 25, 26, 27, 29, 30, 31, 32, 33, 34, 36, 37, 38, 39, 40, 41, 42, 43, 45, 46, 47, 48, 49, 50, 51, 52, 53, 55, 56, 57, 58, 59, 60, 61, 64, 65, 66, 67, 68, 69, 70, 71, 72, 73], "summary": {"covered_lines": 56, "num_statements": 56, "percent_covered": 100.0, "percent_covered_display": "100.00", "missing_lines": 0, "excluded_lines": 0}, "missing_lines": [], "excluded_lines": [], "functions": {"": {"executed_lines": [1, 2, 3, 5, 6, 7, 8, 9, 10, 12, 13, 14, 15, 16, 17, 18, 20, 21, 22, 23, 24, 25, 26, 27, 29, 30, 31, 32, 33, 34, 36, 37, 38, 39, 40, 41, 42, 43, 45, 46, 47, 48, 49, 50, 51, 52, 53, 55, 56, 57, 58, 59, 60, 61, 64, 65, 66, 67, 68, 69, 70, 71, 72, 73], "summary": {"covered_lines": 56, "num_statements": 56, "percent_covered": 100.0, "percent_covered_display": "100.00", "missing_lines": 0, "excluded_lines": 0}, "missing_lines": [], "excluded_lines": []}}, "classes": {"ErrorDetail": {"executed_lines": [], "summary": {"covered_lines": 0, "num_statements": 0, "percent_covered": 100.0, "percent_covered_display": "100.00", "missing_lines": 0, "excluded_lines": 0}, "missing_lines": [], "excluded_lines": []}, "ValidationErrorResponse": {"executed_lines": [], "summary": {"covered_lines": 0, "num_statements": 0, "percent_covered": 100.0, "percent_covered_display": "100.00", "missing_lines": 0, "excluded_lines": 0}, "missing_lines": [], "excluded_lines": []}, "BusinessErrorResponse": {"executed_lines": [], "summary": {"covered_lines": 0, "num_statements": 0, "percent_covered": 100.0, "percent_covered_display": "100.00", "missing_lines": 0, "excluded_lines": 0}, "missing_lines": [], "excluded_lines": []}, "AuthErrorResponse": {"executed_lines": [], "summary": {"covered_lines": 0, "num_statements": 0, "percent_covered": 100.0, "percent_covered_display": "100.00", "missing_lines": 0, "excluded_lines": 0}, "missing_lines": [], "excluded_lines": []}, "NotFoundErrorResponse": {"executed_lines": [], "summary": {"covered_lines": 0, "num_statements": 0, "percent_covered": 100.0, "percent_covered_display": "100.00", "missing_lines": 0, "excluded_lines": 0}, "missing_lines": [], "excluded_lines": []}, "RateLimitErrorResponse": {"executed_lines": [], "summary": {"covered_lines": 0, "num_statements": 0, "percent_covered": 100.0, "percent_covered_display": "100.00", "missing_lines": 0, "excluded_lines": 0}, "missing_lines": [], "excluded_lines": []}, "ServerErrorResponse": {"executed_lines": [], "summary": {"covered_lines": 0, "num_statements": 0, "percent_covered": 100.0, "percent_covered_display": "100.00", "missing_lines": 0, "excluded_lines": 0}, "missing_lines": [], "excluded_lines": []}, "GenericErrorResponse": {"executed_lines": [], "summary": {"covered_lines": 0, "num_statements": 0, "percent_covered": 100.0, "percent_covered_display": "100.00", "missing_lines": 0, "excluded_lines": 0}, "missing_lines": [], "excluded_lines": []}, "": {"executed_lines": [1, 2, 3, 5, 6, 7, 8, 9, 10, 12, 13, 14, 15, 16, 17, 18, 20, 21, 22, 23, 24, 25, 26, 27, 29, 30, 31, 32, 33, 34, 36, 37, 38, 39, 40, 41, 42, 43, 45, 46, 47, 48, 49, 50, 51, 52, 53, 55, 56, 57, 58, 59, 60, 61, 64, 65, 66, 67, 68, 69, 70, 71, 72, 73], "summary": {"covered_lines": 56, "num_statements": 56, "percent_covered": 100.0, "percent_covered_display": "100.00", "missing_lines": 0, "excluded_lines": 0}, "missing_lines": [], "excluded_lines": []}}}, "app/schemas/poll.py": {"executed_lines": [1, 2, 3, 4, 5, 8, 9, 16, 22, 27, 28, 29, 33, 36, 37, 41, 44, 46, 47, 48, 50, 52, 54, 55, 56, 57, 58, 61, 64, 66, 67, 68, 75, 76, 100, 101, 102, 103, 104, 105, 106, 108, 109, 112, 113, 119, 124, 126, 127, 129, 132, 136, 139, 140, 144, 147, 149, 150, 161, 162, 163, 164, 165, 166, 167, 168, 170, 171, 183, 184, 185, 186, 187, 188, 189, 190, 191, 193, 194], "summary": {"covered_lines": 76, "num_statements": 103, "percent_covered": 73.7864077669903, "percent_covered_display": "73.79", "missing_lines": 27, "excluded_lines": 0}, "missing_lines": [30, 38, 42, 62, 77, 78, 81, 82, 83, 84, 85, 86, 87, 89, 90, 93, 94, 95, 97, 130, 133, 141, 145, 152, 153, 156, 157], "excluded_lines": [], "functions": {"PollCreate.validate_title": {"executed_lines": [29, 33, 36, 37, 41, 44], "summary": {"covered_lines": 6, "num_statements": 9, "percent_covered": 66.66666666666667, "percent_covered_display": "66.67", "missing_lines": 3, "excluded_lines": 0}, "missing_lines": [30, 38, 42], "excluded_lines": []}, "PollCreate.validate_description": {"executed_lines": [48, 50, 52], "summary": {"covered_lines": 3, "num_statements": 3, "percent_covered": 100.0, "percent_covered_display": "100.00", "missing_lines": 0, "excluded_lines": 0}, "missing_lines": [], "excluded_lines": []}, "PollCreate.validate_poll_data": {"executed_lines": [56, 57, 58, 61, 64], "summary": {"covered_lines": 5, "num_statements": 6, "percent_covered": 83.33333333333333, "percent_covered_display": "83.33", "missing_lines": 1, "excluded_lines": 0}, "missing_lines": [62], "excluded_lines": []}, "PollCreateWithOptions.validate_options": {"executed_lines": [], "summary": {"covered_lines": 0, "num_statements": 15, "percent_covered": 0.0, "percent_covered_display": "0.00", "missing_lines": 15, "excluded_lines": 0}, "missing_lines": [77, 78, 81, 82, 83, 84, 85, 86, 87, 89, 90, 93, 94, 95, 97], "excluded_lines": []}, "PollUpdate.validate_title": {"executed_lines": [129, 132, 136, 139, 140, 144, 147], "summary": {"covered_lines": 7, "num_statements": 11, "percent_covered": 63.63636363636363, "percent_covered_display": "63.64", "missing_lines": 4, "excluded_lines": 0}, "missing_lines": [130, 133, 141, 145], "excluded_lines": []}, "PollUpdate.validate_description": {"executed_lines": [], "summary": {"covered_lines": 0, "num_statements": 4, "percent_covered": 0.0, "percent_covered_display": "0.00", "missing_lines": 4, "excluded_lines": 0}, "missing_lines": [152, 153, 156, 157], "excluded_lines": []}, "": {"executed_lines": [1, 2, 3, 4, 5, 8, 9, 16, 22, 27, 28, 46, 47, 54, 55, 66, 67, 68, 75, 76, 100, 101, 102, 103, 104, 105, 106, 108, 109, 112, 113, 119, 124, 126, 127, 149, 150, 161, 162, 163, 164, 165, 166, 167, 168, 170, 171, 183, 184, 185, 186, 187, 188, 189, 190, 191, 193, 194], "summary": {"covered_lines": 55, "num_statements": 55, "percent_covered": 100.0, "percent_covered_display": "100.00", "missing_lines": 0, "excluded_lines": 0}, "missing_lines": [], "excluded_lines": []}}, "classes": {"PollCreate": {"executed_lines": [29, 33, 36, 37, 41, 44, 48, 50, 52, 56, 57, 58, 61, 64], "summary": {"covered_lines": 14, "num_statements": 18, "percent_covered": 77.77777777777777, "percent_covered_display": "77.78", "missing_lines": 4, "excluded_lines": 0}, "missing_lines": [30, 38, 42, 62], "excluded_lines": []}, "PollCreateWithOptions": {"executed_lines": [], "summary": {"covered_lines": 0, "num_statements": 15, "percent_covered": 0.0, "percent_covered_display": "0.00", "missing_lines": 15, "excluded_lines": 0}, "missing_lines": [77, 78, 81, 82, 83, 84, 85, 86, 87, 89, 90, 93, 94, 95, 97], "excluded_lines": []}, "PollRead": {"executed_lines": [], "summary": {"covered_lines": 0, "num_statements": 0, "percent_covered": 100.0, "percent_covered_display": "100.00", "missing_lines": 0, "excluded_lines": 0}, "missing_lines": [], "excluded_lines": []}, "PollRead.Config": {"executed_lines": [], "summary": {"covered_lines": 0, "num_statements": 0, "percent_covered": 100.0, "percent_covered_display": "100.00", "missing_lines": 0, "excluded_lines": 0}, "missing_lines": [], "excluded_lines": []}, "PollUpdate": {"executed_lines": [129, 132, 136, 139, 140, 144, 147], "summary": {"covered_lines": 7, "num_statements": 15, "percent_covered": 46.666666666666664, "percent_covered_display": "46.67", "missing_lines": 8, "excluded_lines": 0}, "missing_lines": [130, 133, 141, 145, 152, 153, 156, 157], "excluded_lines": []}, "PaginationMeta": {"executed_lines": [], "summary": {"covered_lines": 0, "num_statements": 0, "percent_covered": 100.0, "percent_covered_display": "100.00", "missing_lines": 0, "excluded_lines": 0}, "missing_lines": [], "excluded_lines": []}, "PaginationMeta.Config": {"executed_lines": [], "summary": {"covered_lines": 0, "num_statements": 0, "percent_covered": 100.0, "percent_covered_display": "100.00", "missing_lines": 0, "excluded_lines": 0}, "missing_lines": [], "excluded_lines": []}, "PaginatedPollResponse": {"executed_lines": [], "summary": {"covered_lines": 0, "num_statements": 0, "percent_covered": 100.0, "percent_covered_display": "100.00", "missing_lines": 0, "excluded_lines": 0}, "missing_lines": [], "excluded_lines": []}, "PaginatedPollResponse.Config": {"executed_lines": [], "summary": {"covered_lines": 0, "num_statements": 0, "percent_covered": 100.0, "percent_covered_display": "100.00", "missing_lines": 0, "excluded_lines": 0}, "missing_lines": [], "excluded_lines": []}, "": {"executed_lines": [1, 2, 3, 4, 5, 8, 9, 16, 22, 27, 28, 46, 47, 54, 55, 66, 67, 68, 75, 76, 100, 101, 102, 103, 104, 105, 106, 108, 109, 112, 113, 119, 124, 126, 127, 149, 150, 161, 162, 163, 164, 165, 166, 167, 168, 170, 171, 183, 184, 185, 186, 187, 188, 189, 190, 191, 193, 194], "summary": {"covered_lines": 55, "num_statements": 55, "percent_covered": 100.0, "percent_covered_display": "100.00", "missing_lines": 0, "excluded_lines": 0}, "missing_lines": [], "excluded_lines": []}}}, "app/schemas/user.py": {"executed_lines": [1, 2, 5, 6, 7, 8, 9, 10, 13, 14, 15, 16, 17, 18, 20, 22], "summary": {"covered_lines": 16, "num_statements": 16, "percent_covered": 100.0, "percent_covered_display": "100.00", "missing_lines": 0, "excluded_lines": 0}, "missing_lines": [], "excluded_lines": [], "functions": {"": {"executed_lines": [1, 2, 5, 6, 7, 8, 9, 10, 13, 14, 15, 16, 17, 18, 20, 22], "summary": {"covered_lines": 16, "num_statements": 16, "percent_covered": 100.0, "percent_covered_display": "100.00", "missing_lines": 0, "excluded_lines": 0}, "missing_lines": [], "excluded_lines": []}}, "classes": {"UserCreate": {"executed_lines": [], "summary": {"covered_lines": 0, "num_statements": 0, "percent_covered": 100.0, "percent_covered_display": "100.00", "missing_lines": 0, "excluded_lines": 0}, "missing_lines": [], "excluded_lines": []}, "UserRead": {"executed_lines": [], "summary": {"covered_lines": 0, "num_statements": 0, "percent_covered": 100.0, "percent_covered_display": "100.00", "missing_lines": 0, "excluded_lines": 0}, "missing_lines": [], "excluded_lines": []}, "UserRead.Config": {"executed_lines": [], "summary": {"covered_lines": 0, "num_statements": 0, "percent_covered": 100.0, "percent_covered_display": "100.00", "missing_lines": 0, "excluded_lines": 0}, "missing_lines": [], "excluded_lines": []}, "": {"executed_lines": [1, 2, 5, 6, 7, 8, 9, 10, 13, 14, 15, 16, 17, 18, 20, 22], "summary": {"covered_lines": 16, "num_statements": 16, "percent_covered": 100.0, "percent_covered_display": "100.00", "missing_lines": 0, "excluded_lines": 0}, "missing_lines": [], "excluded_lines": []}}}}, "totals": {"covered_lines": 613, "num_statements": 754, "percent_covered": 81.29973474801061, "percent_covered_display": "81.30", "missing_lines": 141, "excluded_lines": 0}}