{"meta": {"format": 3, "version": "7.11.0", "timestamp": "2026-05-19T11:58:16.761377", "branch_coverage": false, "show_contexts": false}, "files": {"app/__init__.py": {"executed_lines": [0], "summary": {"covered_lines": 0, "num_statements": 0, "percent_covered": 100.0, "percent_covered_display": "100.00", "missing_lines": 0, "excluded_lines": 0}, "missing_lines": [], "excluded_lines": [], "functions": {"": {"executed_lines": [], "summary": {"covered_lines": 0, "num_statements": 0, "percent_covered": 100.0, "percent_covered_display": "100.00", "missing_lines": 0, "excluded_lines": 0}, "missing_lines": [], "excluded_lines": []}}, "classes": {"": {"executed_lines": [], "summary": {"covered_lines": 0, "num_statements": 0, "percent_covered": 100.0, "percent_covered_display": "100.00", "missing_lines": 0, "excluded_lines": 0}, "missing_lines": [], "excluded_lines": []}}}, "app/api/v1/endpoints/auth.py": {"executed_lines": [1, 2, 3, 4, 5, 6, 7, 9, 10, 11, 12, 13, 14, 15, 22, 25, 26, 27, 29, 30, 31, 33, 34, 35, 38, 40, 42, 43, 50, 52, 58, 59, 60, 61, 73, 74, 75, 76, 107, 109, 164, 165, 234, 235, 241, 243, 246, 248, 249, 250, 261, 262, 267, 268, 270, 272], "summary": {"covered_lines": 53, "num_statements": 103, "percent_covered": 51.45631067961165, "percent_covered_display": "51.46", "missing_lines": 50, "excluded_lines": 0}, "missing_lines": [88, 91, 100, 101, 102, 104, 105, 110, 112, 113, 114, 124, 126, 127, 128, 137, 139, 140, 141, 150, 152, 153, 154, 175, 177, 180, 182, 183, 184, 197, 198, 203, 204, 206, 208, 209, 211, 212, 221, 223, 224, 273, 275, 276, 286, 288, 289, 298, 300, 301], "excluded_lines": [], "functions": {"register_user": {"executed_lines": [50, 52, 58, 59, 60, 61, 73, 74, 75, 76, 107, 109], "summary": {"covered_lines": 12, "num_statements": 35, "percent_covered": 34.285714285714285, "percent_covered_display": "34.29", "missing_lines": 23, "excluded_lines": 0}, "missing_lines": [88, 91, 100, 101, 102, 104, 105, 110, 112, 113, 114, 124, 126, 127, 128, 137, 139, 140, 141, 150, 152, 153, 154], "excluded_lines": []}, "login_for_access_token": {"executed_lines": [], "summary": {"covered_lines": 0, "num_statements": 18, "percent_covered": 0.0, "percent_covered_display": "0.00", "missing_lines": 18, "excluded_lines": 0}, "missing_lines": [175, 177, 180, 182, 183, 184, 197, 198, 203, 204, 206, 208, 209, 211, 212, 221, 223, 224], "excluded_lines": []}, "simple_login": {"executed_lines": [241, 243, 246, 248, 249, 250, 261, 262, 267, 268, 270, 272], "summary": {"covered_lines": 12, "num_statements": 21, "percent_covered": 57.142857142857146, "percent_covered_display": "57.14", "missing_lines": 9, "excluded_lines": 0}, "missing_lines": [273, 275, 276, 286, 288, 289, 298, 300, 301], "excluded_lines": []}, "": {"executed_lines": [1, 2, 3, 4, 5, 6, 7, 9, 10, 11, 12, 13, 14, 15, 22, 25, 26, 27, 29, 30, 31, 33, 34, 35, 38, 40, 42, 43, 164, 165, 234, 235], "summary": {"covered_lines": 29, "num_statements": 29, "percent_covered": 100.0, "percent_covered_display": "100.00", "missing_lines": 0, "excluded_lines": 0}, "missing_lines": [], "excluded_lines": []}}, "classes": {"Token": {"executed_lines": [], "summary": {"covered_lines": 0, "num_statements": 0, "percent_covered": 100.0, "percent_covered_display": "100.00", "missing_lines": 0, "excluded_lines": 0}, "missing_lines": [], "excluded_lines": []}, "LoginRequest": {"executed_lines": [], "summary": {"covered_lines": 0, "num_statements": 0, "percent_covered": 100.0, "percent_covered_display": "100.00", "missing_lines": 0, "excluded_lines": 0}, "missing_lines": [], "excluded_lines": []}, "": {"executed_lines": [1, 2, 3, 4, 5, 6, 7, 9, 10, 11, 12, 13, 14, 15, 22, 25, 26, 27, 29, 30, 31, 33, 34, 35, 38, 40, 42, 43, 50, 52, 58, 59, 60, 61, 73, 74, 75, 76, 107, 109, 164, 165, 234, 235, 241, 243, 246, 248, 249, 250, 261, 262, 267, 268, 270, 272], "summary": {"covered_lines": 53, "num_statements": 103, "percent_covered": 51.45631067961165, "percent_covered_display": "51.46", "missing_lines": 50, "excluded_lines": 0}, "missing_lines": [88, 91, 100, 101, 102, 104, 105, 110, 112, 113, 114, 124, 126, 127, 128, 137, 139, 140, 141, 150, 152, 153, 154, 175, 177, 180, 182, 183, 184, 197, 198, 203, 204, 206, 208, 209, 211, 212, 221, 223, 224, 273, 275, 276, 286, 288, 289, 298, 300, 301], "excluded_lines": []}}}, "app/api/v1/endpoints/dependencies.py": {"executed_lines": [1, 2, 3, 4, 5, 6, 7, 8, 10, 12, 16, 22, 23, 28, 29, 39, 47, 48, 50, 51, 56, 57], "summary": {"covered_lines": 22, "num_statements": 34, "percent_covered": 64.70588235294117, "percent_covered_display": "64.71", "missing_lines": 12, "excluded_lines": 0}, "missing_lines": [24, 25, 26, 31, 33, 34, 36, 52, 53, 54, 59, 60], "excluded_lines": [], "functions": {"get_current_user": {"executed_lines": [16, 22, 23, 28, 29], "summary": {"covered_lines": 5, "num_statements": 12, "percent_covered": 41.666666666666664, "percent_covered_display": "41.67", "missing_lines": 7, "excluded_lines": 0}, "missing_lines": [24, 25, 26, 31, 33, 34, 36], "excluded_lines": []}, "get_current_user_optional": {"executed_lines": [47, 48, 50, 51, 56, 57], "summary": {"covered_lines": 6, "num_statements": 11, "percent_covered": 54.54545454545455, "percent_covered_display": "54.55", "missing_lines": 5, "excluded_lines": 0}, "missing_lines": [52, 53, 54, 59, 60], "excluded_lines": []}, "": {"executed_lines": [1, 2, 3, 4, 5, 6, 7, 8, 10, 12, 39], "summary": {"covered_lines": 11, "num_statements": 11, "percent_covered": 100.0, "percent_covered_display": "100.00", "missing_lines": 0, "excluded_lines": 0}, "missing_lines": [], "excluded_lines": []}}, "classes": {"": {"executed_lines": [1, 2, 3, 4, 5, 6, 7, 8, 10, 12, 16, 22, 23, 28, 29, 39, 47, 48, 50, 51, 56, 57], "summary": {"covered_lines": 22, "num_statements": 34, "percent_covered": 64.70588235294117, "percent_covered_display": "64.71", "missing_lines": 12, "excluded_lines": 0}, "missing_lines": [24, 25, 26, 31, 33, 34, 36, 52, 53, 54, 59, 60], "excluded_lines": []}}}, "app/api/v1/endpoints/polls.py": {"executed_lines": [1, 2, 3, 4, 5, 6, 7, 8, 9, 10, 12, 13, 14, 15, 16, 17, 18, 19, 28, 39, 41, 48, 53, 55, 58, 61, 62, 63, 64, 65, 66, 67, 69, 71, 79, 87, 89, 92, 95, 100, 101, 102, 112, 120, 121, 122, 124, 126, 128, 130, 177, 181, 182, 184, 196, 197, 199, 201, 206, 216, 220, 221, 227, 236, 239, 241, 248, 273, 275, 278, 280, 289, 290, 292, 293, 296, 297, 298, 299, 300, 301, 302, 304, 312, 316, 331, 334, 342, 345, 366, 373, 396, 398, 401, 402, 405, 406, 407, 408, 409, 410, 411, 413, 421, 425, 427, 435, 440, 443, 451, 454, 474, 481, 502, 504, 505, 506, 509, 510, 511, 529, 531, 532, 533, 543, 545, 547, 548, 549, 560, 562, 563, 575, 579, 584, 585, 586, 587, 590, 591, 592, 601, 602, 603, 606, 607, 612, 617, 632, 633, 635, 637, 650, 657, 665, 667, 670, 671, 672, 673, 683, 684, 685, 696, 699, 700, 701, 707, 708, 709, 720, 721, 722, 725, 726, 728, 729, 732, 733, 734, 737, 738, 739, 740, 741, 744, 745, 746, 747, 749, 753, 757, 761, 762, 763, 764, 767, 768, 769, 778, 779, 780, 783, 788, 789, 790, 793, 807, 809, 811, 862, 868, 884, 886, 889, 890, 891, 909, 910, 911, 912, 922, 923, 924, 935, 936, 939, 940, 942, 944, 950, 952, 954, 955, 956, 957, 966, 967, 968, 969, 978, 986, 1004, 1006, 1009, 1010, 1011, 1029, 1030, 1031, 1032, 1042, 1043, 1044, 1055, 1056, 1057, 1067, 1068, 1069, 1070, 1082, 1087, 1088, 1089, 1100, 1106, 1107, 1125, 1127, 1129, 1141, 1154, 1155, 1156, 1157, 1178, 1185, 1205, 1207, 1208, 1211, 1212, 1213, 1231, 1232, 1233, 1251, 1252, 1253, 1254, 1264, 1266, 1296, 1297, 1298, 1308, 1309, 1310, 1311, 1322, 1323, 1324, 1336, 1339, 1344, 1345, 1346, 1357, 1358, 1363, 1364, 1365, 1393, 1400, 1403, 1406, 1407, 1408, 1410, 1413, 1416, 1420, 1421, 1422, 1423, 1466, 1468, 1471, 1486, 1488, 1490, 1503, 1517, 1518, 1519, 1520], "summary": {"covered_lines": 337, "num_statements": 422, "percent_covered": 79.85781990521328, "percent_covered_display": "79.86", "missing_lines": 85, "excluded_lines": 0}, "missing_lines": [132, 133, 134, 143, 144, 145, 146, 155, 156, 157, 158, 166, 167, 168, 169, 185, 207, 228, 283, 318, 326, 355, 356, 357, 464, 465, 466, 581, 613, 614, 639, 640, 641, 758, 813, 814, 815, 825, 826, 827, 828, 838, 839, 840, 841, 850, 851, 852, 853, 1108, 1110, 1113, 1130, 1131, 1142, 1143, 1144, 1166, 1167, 1168, 1169, 1268, 1269, 1270, 1281, 1283, 1284, 1378, 1379, 1424, 1425, 1433, 1434, 1435, 1442, 1458, 1491, 1492, 1504, 1505, 1506, 1530, 1531, 1532, 1533], "excluded_lines": [], "functions": {"create_poll": {"executed_lines": [87, 89, 92, 95, 100, 101, 102, 112, 120, 121, 122, 124, 126, 128, 130], "summary": {"covered_lines": 15, "num_statements": 30, "percent_covered": 50.0, "percent_covered_display": "50.00", "missing_lines": 15, "excluded_lines": 0}, "missing_lines": [132, 133, 134, 143, 144, 145, 146, 155, 156, 157, 158, 166, 167, 168, 169], "excluded_lines": []}, "_validate_poll_business_rules": {"executed_lines": [181, 182, 184, 196, 197, 199, 201, 206, 216, 220, 221, 227, 236, 239], "summary": {"covered_lines": 14, "num_statements": 17, "percent_covered": 82.3529411764706, "percent_covered_display": "82.35", "missing_lines": 3, "excluded_lines": 0}, "missing_lines": [185, 207, 228], "excluded_lines": []}, "get_polls": {"executed_lines": [273, 275, 278, 280, 289, 290, 292, 293, 296, 297, 298, 299, 300, 301, 302, 304, 312, 316, 331, 334, 342, 345], "summary": {"covered_lines": 22, "num_statements": 28, "percent_covered": 78.57142857142857, "percent_covered_display": "78.57", "missing_lines": 6, "excluded_lines": 0}, "missing_lines": [283, 318, 326, 355, 356, 357], "excluded_lines": []}, "get_my_polls": {"executed_lines": [396, 398, 401, 402, 405, 406, 407, 408, 409, 410, 411, 413, 421, 425, 427, 435, 440, 443, 451, 454], "summary": {"covered_lines": 20, "num_statements": 23, "percent_covered": 86.95652173913044, "percent_covered_display": "86.96", "missing_lines": 3, "excluded_lines": 0}, "missing_lines": [464, 465, 466], "excluded_lines": []}, "get_poll": {"executed_lines": [502, 504, 505, 506, 509, 510, 511, 529, 531, 532, 533, 543, 545, 547, 548, 549, 560, 562, 563, 575, 579, 584, 585, 586, 587, 590, 591, 592, 601, 602, 603, 606, 607, 612, 617, 632, 633, 635, 637], "summary": {"covered_lines": 39, "num_statements": 45, "percent_covered": 86.66666666666667, "percent_covered_display": "86.67", "missing_lines": 6, "excluded_lines": 0}, "missing_lines": [581, 613, 614, 639, 640, 641], "excluded_lines": []}, "update_poll": {"executed_lines": [665, 667, 670, 671, 672, 673, 683, 684, 685, 696, 699, 700, 701, 707, 708, 709, 720, 721, 722, 725, 726, 728, 729, 732, 733, 734, 737, 738, 739, 740, 741, 744, 745, 746, 747, 749, 753, 757, 761, 762, 763, 764, 767, 768, 769, 778, 779, 780, 783, 788, 789, 790, 793, 807, 809, 811], "summary": {"covered_lines": 56, "num_statements": 72, "percent_covered": 77.77777777777777, "percent_covered_display": "77.78", "missing_lines": 16, "excluded_lines": 0}, "missing_lines": [758, 813, 814, 815, 825, 826, 827, 828, 838, 839, 840, 841, 850, 851, 852, 853], "excluded_lines": []}, "delete_poll": {"executed_lines": [884, 886, 889, 890, 891, 909, 910, 911, 912, 922, 923, 924, 935, 936, 939, 940, 942, 944, 950, 952, 954, 955, 956, 957, 966, 967, 968, 969], "summary": {"covered_lines": 28, "num_statements": 28, "percent_covered": 100.0, "percent_covered_display": "100.00", "missing_lines": 0, "excluded_lines": 0}, "missing_lines": [], "excluded_lines": []}, "add_poll_option": {"executed_lines": [1004, 1006, 1009, 1010, 1011, 1029, 1030, 1031, 1032, 1042, 1043, 1044, 1055, 1056, 1057, 1067, 1068, 1069, 1070, 1082, 1087, 1088, 1089, 1100, 1106, 1107, 1125, 1127, 1129, 1141, 1154, 1155, 1156, 1157], "summary": {"covered_lines": 34, "num_statements": 46, "percent_covered": 73.91304347826087, "percent_covered_display": "73.91", "missing_lines": 12, "excluded_lines": 0}, "missing_lines": [1108, 1110, 1113, 1130, 1131, 1142, 1143, 1144, 1166, 1167, 1168, 1169], "excluded_lines": []}, "vote_poll": {"executed_lines": [1205, 1207, 1208, 1211, 1212, 1213, 1231, 1232, 1233, 1251, 1252, 1253, 1254, 1264, 1266, 1296, 1297, 1298, 1308, 1309, 1310, 1311, 1322, 1323, 1324, 1336, 1339, 1344, 1345, 1346, 1357, 1358, 1363, 1364, 1365, 1393, 1400, 1403, 1406, 1407, 1408, 1410, 1413, 1416, 1420, 1421, 1422, 1423, 1466, 1468, 1471, 1486, 1488, 1490, 1503, 1517, 1518, 1519, 1520], "summary": {"covered_lines": 59, "num_statements": 83, "percent_covered": 71.08433734939759, "percent_covered_display": "71.08", "missing_lines": 24, "excluded_lines": 0}, "missing_lines": [1268, 1269, 1270, 1281, 1283, 1284, 1378, 1379, 1424, 1425, 1433, 1434, 1435, 1442, 1458, 1491, 1492, 1504, 1505, 1506, 1530, 1531, 1532, 1533], "excluded_lines": []}, "": {"executed_lines": [1, 2, 3, 4, 5, 6, 7, 8, 9, 10, 12, 13, 14, 15, 16, 17, 18, 19, 28, 39, 41, 48, 53, 55, 58, 61, 62, 63, 64, 65, 66, 67, 69, 71, 79, 177, 241, 248, 366, 373, 474, 481, 650, 657, 862, 868, 978, 986, 1178, 1185], "summary": {"covered_lines": 50, "num_statements": 50, "percent_covered": 100.0, "percent_covered_display": "100.00", "missing_lines": 0, "excluded_lines": 0}, "missing_lines": [], "excluded_lines": []}}, "classes": {"SortOption": {"executed_lines": [], "summary": {"covered_lines": 0, "num_statements": 0, "percent_covered": 100.0, "percent_covered_display": "100.00", "missing_lines": 0, "excluded_lines": 0}, "missing_lines": [], "excluded_lines": []}, "": {"executed_lines": [1, 2, 3, 4, 5, 6, 7, 8, 9, 10, 12, 13, 14, 15, 16, 17, 18, 19, 28, 39, 41, 48, 53, 55, 58, 61, 62, 63, 64, 65, 66, 67, 69, 71, 79, 87, 89, 92, 95, 100, 101, 102, 112, 120, 121, 122, 124, 126, 128, 130, 177, 181, 182, 184, 196, 197, 199, 201, 206, 216, 220, 221, 227, 236, 239, 241, 248, 273, 275, 278, 280, 289, 290, 292, 293, 296, 297, 298, 299, 300, 301, 302, 304, 312, 316, 331, 334, 342, 345, 366, 373, 396, 398, 401, 402, 405, 406, 407, 408, 409, 410, 411, 413, 421, 425, 427, 435, 440, 443, 451, 454, 474, 481, 502, 504, 505, 506, 509, 510, 511, 529, 531, 532, 533, 543, 545, 547, 548, 549, 560, 562, 563, 575, 579, 584, 585, 586, 587, 590, 591, 592, 601, 602, 603, 606, 607, 612, 617, 632, 633, 635, 637, 650, 657, 665, 667, 670, 671, 672, 673, 683, 684, 685, 696, 699, 700, 701, 707, 708, 709, 720, 721, 722, 725, 726, 728, 729, 732, 733, 734, 737, 738, 739, 740, 741, 744, 745, 746, 747, 749, 753, 757, 761, 762, 763, 764, 767, 768, 769, 778, 779, 780, 783, 788, 789, 790, 793, 807, 809, 811, 862, 868, 884, 886, 889, 890, 891, 909, 910, 911, 912, 922, 923, 924, 935, 936, 939, 940, 942, 944, 950, 952, 954, 955, 956, 957, 966, 967, 968, 969, 978, 986, 1004, 1006, 1009, 1010, 1011, 1029, 1030, 1031, 1032, 1042, 1043, 1044, 1055, 1056, 1057, 1067, 1068, 1069, 1070, 1082, 1087, 1088, 1089, 1100, 1106, 1107, 1125, 1127, 1129, 1141, 1154, 1155, 1156, 1157, 1178, 1185, 1205, 1207, 1208, 1211, 1212, 1213, 1231, 1232, 1233, 1251, 1252, 1253, 1254, 1264, 1266, 1296, 1297, 1298, 1308, 1309, 1310, 1311, 1322, 1323, 1324, 1336, 1339, 1344, 1345, 1346, 1357, 1358, 1363, 1364, 1365, 1393, 1400, 1403, 1406, 1407, 1408, 1410, 1413, 1416, 1420, 1421, 1422, 1423, 1466, 1468, 1471, 1486, 1488, 1490, 1503, 1517, 1518, 1519, 1520], "summary": {"covered_lines": 337, "num_statements": 422, "percent_covered": 79.85781990521328, "percent_covered_display": "79.86", "missing_lines": 85, "excluded_lines": 0}, "missing_lines": [132, 133, 134, 143, 144, 145, 146, 155, 156, 157, 158, 166, 167, 168, 169, 185, 207, 228, 283, 318, 326, 355, 356, 357, 464, 465, 466, 581, 613, 614, 639, 640, 641, 758, 813, 814, 815, 825, 826, 827, 828, 838, 839, 840, 841, 850, 851, 852, 853, 1108, 1110, 1113, 1130, 1131, 1142, 1143, 1144, 1166, 1167, 1168, 1169, 1268, 1269, 1270, 1281, 1283, 1284, 1378, 1379, 1424, 1425, 1433, 1434, 1435, 1442, 1458, 1491, 1492, 1504, 1505, 1506, 1530, 1531, 1532, 1533], "excluded_lines": []}}}, "app/api/v1/endpoints/users.py": {"executed_lines": [1, 2, 3, 4, 5, 6, 8, 9, 10, 11, 12, 13, 14, 21, 24, 25, 28, 29, 30, 31, 32, 33, 36, 38, 39, 46, 48, 51, 52, 53, 54, 100, 102, 158, 159, 165, 166, 167, 180, 181], "summary": {"covered_lines": 39, "num_statements": 124, "percent_covered": 31.451612903225808, "percent_covered_display": "31.45", "missing_lines": 85, "excluded_lines": 0}, "missing_lines": [66, 67, 68, 69, 81, 84, 93, 94, 95, 97, 98, 103, 105, 106, 107, 117, 119, 120, 121, 130, 132, 133, 134, 143, 145, 146, 147, 168, 169, 170, 192, 194, 197, 199, 200, 201, 204, 205, 208, 209, 210, 211, 216, 217, 218, 230, 231, 232, 233, 238, 239, 240, 252, 253, 256, 257, 258, 261, 262, 263, 264, 267, 268, 269, 270, 272, 274, 276, 278, 279, 281, 282, 283, 293, 295, 296, 297, 306, 308, 309, 310, 319, 321, 322, 323], "excluded_lines": [], "functions": {"create_user": {"executed_lines": [46, 48, 51, 52, 53, 54, 100, 102], "summary": {"covered_lines": 8, "num_statements": 35, "percent_covered": 22.857142857142858, "percent_covered_display": "22.86", "missing_lines": 27, "excluded_lines": 0}, "missing_lines": [66, 67, 68, 69, 81, 84, 93, 94, 95, 97, 98, 103, 105, 106, 107, 117, 119, 120, 121, 130, 132, 133, 134, 143, 145, 146, 147], "excluded_lines": []}, "read_users_me": {"executed_lines": [165, 166, 167], "summary": {"covered_lines": 3, "num_statements": 6, "percent_covered": 50.0, "percent_covered_display": "50.00", "missing_lines": 3, "excluded_lines": 0}, "missing_lines": [168, 169, 170], "excluded_lines": []}, "update_user_profile": {"executed_lines": [], "summary": {"covered_lines": 0, "num_statements": 55, "percent_covered": 0.0, "percent_covered_display": "0.00", "missing_lines": 55, "excluded_lines": 0}, "missing_lines": [192, 194, 197, 199, 200, 201, 204, 205, 208, 209, 210, 211, 216, 217, 218, 230, 231, 232, 233, 238, 239, 240, 252, 253, 256, 257, 258, 261, 262, 263, 264, 267, 268, 269, 270, 272, 274, 276, 278, 279, 281, 282, 283, 293, 295, 296, 297, 306, 308, 309, 310, 319, 321, 322, 323], "excluded_lines": []}, "": {"executed_lines": [1, 2, 3, 4, 5, 6, 8, 9, 10, 11, 12, 13, 14, 21, 24, 25, 28, 29, 30, 31, 32, 33, 36, 38, 39, 158, 159, 180, 181], "summary": {"covered_lines": 28, "num_statements": 28, "percent_covered": 100.0, "percent_covered_display": "100.00", "missing_lines": 0, "excluded_lines": 0}, "missing_lines": [], "excluded_lines": []}}, "classes": {"UserUpdate": {"executed_lines": [], "summary": {"covered_lines": 0, "num_statements": 0, "percent_covered": 100.0, "percent_covered_display": "100.00", "missing_lines": 0, "excluded_lines": 0}, "missing_lines": [], "excluded_lines": []}, "": {"executed_lines": [1, 2, 3, 4, 5, 6, 8, 9, 10, 11, 12, 13, 14, 21, 24, 25, 28, 29, 30, 31, 32, 33, 36, 38, 39, 46, 48, 51, 52, 53, 54, 100, 102, 158, 159, 165, 166, 167, 180, 181], "summary": {"covered_lines": 39, "num_statements": 124, "percent_covered": 31.451612903225808, "percent_covered_display": "31.45", "missing_lines": 85, "excluded_lines": 0}, "missing_lines": [66, 67, 68, 69, 81, 84, 93, 94, 95, 97, 98, 103, 105, 106, 107, 117, 119, 120, 121, 130, 132, 133, 134, 143, 145, 146, 147, 168, 169, 170, 192, 194, 197, 199, 200, 201, 204, 205, 208, 209, 210, 211, 216, 217, 218, 230, 231, 232, 233, 238, 239, 240, 252, 253, 256, 257, 258, 261, 262, 263, 264, 267, 268, 269, 270, 272, 274, 276, 278, 279, 281, 282, 283, 293, 295, 296, 297, 306, 308, 309, 310, 319, 321, 322, 323], "excluded_lines": []}}}, "app/api/v1/endpoints/websocket.py": {"executed_lines": [1, 3, 4, 6, 8, 10, 11], "summary": {"covered_lines": 7, "num_statements": 16, "percent_covered": 43.75, "percent_covered_display": "43.75", "missing_lines": 9, "excluded_lines": 0}, "missing_lines": [14, 16, 17, 21, 22, 24, 25, 27, 28], "excluded_lines": [], "functions": {"websocket_endpoint": {"executed_lines": [], "summary": {"covered_lines": 0, "num_statements": 9, "percent_covered": 0.0, "percent_covered_display": "0.00", "missing_lines": 9, "excluded_lines": 0}, "missing_lines": [14, 16, 17, 21, 22, 24, 25, 27, 28], "excluded_lines": []}, "": {"executed_lines": [1, 3, 4, 6, 8, 10, 11], "summary": {"covered_lines": 7, "num_statements": 7, "percent_covered": 100.0, "percent_covered_display": "100.00", "missing_lines": 0, "excluded_lines": 0}, "missing_lines": [], "excluded_lines": []}}, "classes": {"": {"executed_lines": [1, 3, 4, 6, 8, 10, 11], "summary": {"covered_lines": 7, "num_statements": 16, "percent_covered": 43.75, "percent_covered_display": "43.75", "missing_lines": 9, "excluded_lines": 0}, "missing_lines": [14, 16, 17, 21, 22, 24, 25, 27, 28], "excluded_lines": []}}}, "app/api/v1/responses/__init__.py": {"executed_lines": [1, 8, 19, 30, 39, 48, 51, 52, 54], "summary": {"covered_lines": 8, "num_statements": 8, "percent_covered": 100.0, "percent_covered_display": "100.00", "missing_lines": 0, "excluded_lines": 0}, "missing_lines": [], "excluded_lines": [], "functions": {"": {"executed_lines": [1, 8, 19, 30, 39, 48, 51, 52, 54], "summary": {"covered_lines": 8, "num_statements": 8, "percent_covered": 100.0, "percent_covered_display": "100.00", "missing_lines": 0, "excluded_lines": 0}, "missing_lines": [], "excluded_lines": []}}, "classes": {"": {"executed_lines": [1, 8, 19, 30, 39, 48, 51, 52, 54], "summary": {"covered_lines": 8, "num_statements": 8, "percent_covered": 100.0, "percent_covered_display": "100.00", "missing_lines": 0, "excluded_lines": 0}, "missing_lines": [], "excluded_lines": []}}}, "app/api/v1/responses/auth_responses.py": {"executed_lines": [1, 8, 18, 19, 20, 21, 24, 25, 26, 27, 28, 29, 32, 40, 46, 54, 62, 69, 78, 135, 137, 139, 184, 186, 188, 258, 260, 262, 340, 358, 376], "summary": {"covered_lines": 30, "num_statements": 33, "percent_covered": 90.9090909090909, "percent_covered_display": "90.91", "missing_lines": 3, "excluded_lines": 0}, "missing_lines": [342, 360, 378], "excluded_lines": [], "functions": {"get_registration_responses": {"executed_lines": [137, 139], "summary": {"covered_lines": 2, "num_statements": 2, "percent_covered": 100.0, "percent_covered_display": "100.00", "missing_lines": 0, "excluded_lines": 0}, "missing_lines": [], "excluded_lines": []}, "get_login_responses": {"executed_lines": [186, 188], "summary": {"covered_lines": 2, "num_statements": 2, "percent_covered": 100.0, "percent_covered_display": "100.00", "missing_lines": 0, "excluded_lines": 0}, "missing_lines": [], "excluded_lines": []}, "get_token_responses": {"executed_lines": [260, 262], "summary": {"covered_lines": 2, "num_statements": 2, "percent_covered": 100.0, "percent_covered_display": "100.00", "missing_lines": 0, "excluded_lines": 0}, "missing_lines": [], "excluded_lines": []}, "get_duplicate_email_response": {"executed_lines": [], "summary": {"covered_lines": 0, "num_statements": 1, "percent_covered": 0.0, "percent_covered_display": "0.00", "missing_lines": 1, "excluded_lines": 0}, "missing_lines": [342], "excluded_lines": []}, "get_duplicate_username_response": {"executed_lines": [], "summary": {"covered_lines": 0, "num_statements": 1, "percent_covered": 0.0, "percent_covered_display": "0.00", "missing_lines": 1, "excluded_lines": 0}, "missing_lines": [360], "excluded_lines": []}, "get_auth_business_error_response": {"executed_lines": [], "summary": {"covered_lines": 0, "num_statements": 1, "percent_covered": 0.0, "percent_covered_display": "0.00", "missing_lines": 1, "excluded_lines": 0}, "missing_lines": [378], "excluded_lines": []}, "": {"executed_lines": [1, 8, 18, 19, 20, 21, 24, 25, 26, 27, 28, 29, 32, 40, 46, 54, 62, 69, 78, 135, 184, 258, 340, 358, 376], "summary": {"covered_lines": 24, "num_statements": 24, "percent_covered": 100.0, "percent_covered_display": "100.00", "missing_lines": 0, "excluded_lines": 0}, "missing_lines": [], "excluded_lines": []}}, "classes": {"": {"executed_lines": [1, 8, 18, 19, 20, 21, 24, 25, 26, 27, 28, 29, 32, 40, 46, 54, 62, 69, 78, 135, 137, 139, 184, 186, 188, 258, 260, 262, 340, 358, 376], "summary": {"covered_lines": 30, "num_statements": 33, "percent_covered": 90.9090909090909, "percent_covered_display": "90.91", "missing_lines": 3, "excluded_lines": 0}, "missing_lines": [342, 360, 378], "excluded_lines": []}}}, "app/api/v1/responses/common_responses.py": {"executed_lines": [1, 11, 12, 13, 14, 15, 19, 34, 36, 58, 74, 76, 91, 92, 95, 131], "summary": {"covered_lines": 15, "num_statements": 15, "percent_covered": 100.0, "percent_covered_display": "100.00", "missing_lines": 0, "excluded_lines": 0}, "missing_lines": [], "excluded_lines": [], "functions": {"get_validation_error_response": {"executed_lines": [36], "summary": {"covered_lines": 1, "num_statements": 1, "percent_covered": 100.0, "percent_covered_display": "100.00", "missing_lines": 0, "excluded_lines": 0}, "missing_lines": [], "excluded_lines": []}, "get_server_error_response": {"executed_lines": [76], "summary": {"covered_lines": 1, "num_statements": 1, "percent_covered": 100.0, "percent_covered_display": "100.00", "missing_lines": 0, "excluded_lines": 0}, "missing_lines": [], "excluded_lines": []}, "": {"executed_lines": [1, 11, 12, 13, 14, 15, 19, 34, 58, 74, 91, 92, 95, 131], "summary": {"covered_lines": 13, "num_statements": 13, "percent_covered": 100.0, "percent_covered_display": "100.00", "missing_lines": 0, "excluded_lines": 0}, "missing_lines": [], "excluded_lines": []}}, "classes": {"": {"executed_lines": [1, 11, 12, 13, 14, 15, 19, 34, 36, 58, 74, 76, 91, 92, 95, 131], "summary": {"covered_lines": 15, "num_statements": 15, "percent_covered": 100.0, "percent_covered_display": "100.00", "missing_lines": 0, "excluded_lines": 0}, "missing_lines": [], "excluded_lines": []}}}, "app/api/v1/responses/poll_responses_with_models.py": {"executed_lines": [1, 7, 8, 9, 10, 13, 23, 44, 53, 61, 76, 83, 91, 101, 103, 153, 155, 194, 196, 197, 240, 242, 243, 305, 307, 308, 341, 343, 344, 425, 427, 455, 457, 459, 461], "summary": {"covered_lines": 34, "num_statements": 34, "percent_covered": 100.0, "percent_covered_display": "100.00", "missing_lines": 0, "excluded_lines": 0}, "missing_lines": [], "excluded_lines": [], "functions": {"get_poll_create_responses": {"executed_lines": [103], "summary": {"covered_lines": 1, "num_statements": 1, "percent_covered": 100.0, "percent_covered_display": "100.00", "missing_lines": 0, "excluded_lines": 0}, "missing_lines": [], "excluded_lines": []}, "get_poll_list_responses": {"executed_lines": [155], "summary": {"covered_lines": 1, "num_statements": 1, "percent_covered": 100.0, "percent_covered_display": "100.00", "missing_lines": 0, "excluded_lines": 0}, "missing_lines": [], "excluded_lines": []}, "get_poll_get_responses": {"executed_lines": [196, 197], "summary": {"covered_lines": 2, "num_statements": 2, "percent_covered": 100.0, "percent_covered_display": "100.00", "missing_lines": 0, "excluded_lines": 0}, "missing_lines": [], "excluded_lines": []}, "get_poll_update_responses": {"executed_lines": [242, 243], "summary": {"covered_lines": 2, "num_statements": 2, "percent_covered": 100.0, "percent_covered_display": "100.00", "missing_lines": 0, "excluded_lines": 0}, "missing_lines": [], "excluded_lines": []}, "get_poll_delete_responses": {"executed_lines": [307, 308], "summary": {"covered_lines": 2, "num_statements": 2, "percent_covered": 100.0, "percent_covered_display": "100.00", "missing_lines": 0, "excluded_lines": 0}, "missing_lines": [], "excluded_lines": []}, "get_poll_vote_responses": {"executed_lines": [343, 344], "summary": {"covered_lines": 2, "num_statements": 2, "percent_covered": 100.0, "percent_covered_display": "100.00", "missing_lines": 0, "excluded_lines": 0}, "missing_lines": [], "excluded_lines": []}, "get_user_polls_responses": {"executed_lines": [427], "summary": {"covered_lines": 1, "num_statements": 1, "percent_covered": 100.0, "percent_covered_display": "100.00", "missing_lines": 0, "excluded_lines": 0}, "missing_lines": [], "excluded_lines": []}, "get_single_poll_responses": {"executed_lines": [457], "summary": {"covered_lines": 1, "num_statements": 1, "percent_covered": 100.0, "percent_covered_display": "100.00", "missing_lines": 0, "excluded_lines": 0}, "missing_lines": [], "excluded_lines": []}, "get_poll_option_create_responses": {"executed_lines": [461], "summary": {"covered_lines": 1, "num_statements": 1, "percent_covered": 100.0, "percent_covered_display": "100.00", "missing_lines": 0, "excluded_lines": 0}, "missing_lines": [], "excluded_lines": []}, "": {"executed_lines": [1, 7, 8, 9, 10, 13, 23, 44, 53, 61, 76, 83, 91, 101, 153, 194, 240, 305, 341, 425, 455, 459], "summary": {"covered_lines": 21, "num_statements": 21, "percent_covered": 100.0, "percent_covered_display": "100.00", "missing_lines": 0, "excluded_lines": 0}, "missing_lines": [], "excluded_lines": []}}, "classes": {"": {"executed_lines": [1, 7, 8, 9, 10, 13, 23, 44, 53, 61, 76, 83, 91, 101, 103, 153, 155, 194, 196, 197, 240, 242, 243, 305, 307, 308, 341, 343, 344, 425, 427, 455, 457, 459, 461], "summary": {"covered_lines": 34, "num_statements": 34, "percent_covered": 100.0, "percent_covered_display": "100.00", "missing_lines": 0, "excluded_lines": 0}, "missing_lines": [], "excluded_lines": []}}}, "app/api/v1/responses/user_responses.py": {"executed_lines": [1, 8, 17, 18, 19, 20, 23, 24, 25, 26, 27, 28, 29, 30, 33, 41, 49, 58, 66, 75, 154, 156, 158, 171, 173, 175, 208, 210, 212, 277, 294], "summary": {"covered_lines": 30, "num_statements": 32, "percent_covered": 93.75, "percent_covered_display": "93.75", "missing_lines": 2, "excluded_lines": 0}, "missing_lines": [279, 296], "excluded_lines": [], "functions": {"get_user_profile_responses": {"executed_lines": [156, 158], "summary": {"covered_lines": 2, "num_statements": 2, "percent_covered": 100.0, "percent_covered_display": "100.00", "missing_lines": 0, "excluded_lines": 0}, "missing_lines": [], "excluded_lines": []}, "get_user_creation_responses": {"executed_lines": [173, 175], "summary": {"covered_lines": 2, "num_statements": 2, "percent_covered": 100.0, "percent_covered_display": "100.00", "missing_lines": 0, "excluded_lines": 0}, "missing_lines": [], "excluded_lines": []}, "get_user_update_responses": {"executed_lines": [210, 212], "summary": {"covered_lines": 2, "num_statements": 2, "percent_covered": 100.0, "percent_covered_display": "100.00", "missing_lines": 0, "excluded_lines": 0}, "missing_lines": [], "excluded_lines": []}, "get_user_not_found_response": {"executed_lines": [], "summary": {"covered_lines": 0, "num_statements": 1, "percent_covered": 0.0, "percent_covered_display": "0.00", "missing_lines": 1, "excluded_lines": 0}, "missing_lines": [279], "excluded_lines": []}, "get_user_business_error_response": {"executed_lines": [], "summary": {"covered_lines": 0, "num_statements": 1, "percent_covered": 0.0, "percent_covered_display": "0.00", "missing_lines": 1, "excluded_lines": 0}, "missing_lines": [296], "excluded_lines": []}, "": {"executed_lines": [1, 8, 17, 18, 19, 20, 23, 24, 25, 26, 27, 28, 29, 30, 33, 41, 49, 58, 66, 75, 154, 171, 208, 277, 294], "summary": {"covered_lines": 24, "num_statements": 24, "percent_covered": 100.0, "percent_covered_display": "100.00", "missing_lines": 0, "excluded_lines": 0}, "missing_lines": [], "excluded_lines": []}}, "classes": {"": {"executed_lines": [1, 8, 17, 18, 19, 20, 23, 24, 25, 26, 27, 28, 29, 30, 33, 41, 49, 58, 66, 75, 154, 156, 158, 171, 173, 175, 208, 210, 212, 277, 294], "summary": {"covered_lines": 30, "num_statements": 32, "percent_covered": 93.75, "percent_covered_display": "93.75", "missing_lines": 2, "excluded_lines": 0}, "missing_lines": [279, 296], "excluded_lines": []}}}, "app/api/v1/utils/__init__.py": {"executed_lines": [0], "summary": {"covered_lines": 0, "num_statements": 0, "percent_covered": 100.0, "percent_covered_display": "100.00", "missing_lines": 0, "excluded_lines": 0}, "missing_lines": [], "excluded_lines": [], "functions": {"": {"executed_lines": [], "summary": {"covered_lines": 0, "num_statements": 0, "percent_covered": 100.0, "percent_covered_display": "100.00", "missing_lines": 0, "excluded_lines": 0}, "missing_lines": [], "excluded_lines": []}}, "classes": {"": {"executed_lines": [], "summary": {"covered_lines": 0, "num_statements": 0, "percent_covered": 100.0, "percent_covered_display": "100.00", "missing_lines": 0, "excluded_lines": 0}, "missing_lines": [], "excluded_lines": []}}}, "app/api/v1/utils/pagination.py": {"executed_lines": [1, 8, 9, 10, 11, 12, 14, 15, 19, 22, 23, 24, 25, 27, 28, 30, 33, 34, 35, 36, 37, 38, 39, 40, 43, 48, 51, 53, 54, 55, 57, 67, 69, 72, 88, 89, 92, 93, 94, 97, 98, 99, 101, 104, 120, 122, 133, 152, 153, 156, 159, 161], "summary": {"covered_lines": 49, "num_statements": 49, "percent_covered": 100.0, "percent_covered_display": "100.00", "missing_lines": 0, "excluded_lines": 0}, "missing_lines": [], "excluded_lines": [], "functions": {"PaginationParams.offset": {"executed_lines": [30], "summary": {"covered_lines": 1, "num_statements": 1, "percent_covered": 100.0, "percent_covered_display": "100.00", "missing_lines": 0, "excluded_lines": 0}, "missing_lines": [], "excluded_lines": []}, "get_pagination_params": {"executed_lines": [48], "summary": {"covered_lines": 1, "num_statements": 1, "percent_covered": 100.0, "percent_covered_display": "100.00", "missing_lines": 0, "excluded_lines": 0}, "missing_lines": [], "excluded_lines": []}, "calculate_pagination_metadata": {"executed_lines": [53, 54, 55, 57], "summary": {"covered_lines": 4, "num_statements": 4, "percent_covered": 100.0, "percent_covered_display": "100.00", "missing_lines": 0, "excluded_lines": 0}, "missing_lines": [], "excluded_lines": []}, "apply_pagination": {"executed_lines": [69], "summary": {"covered_lines": 1, "num_statements": 1, "percent_covered": 100.0, "percent_covered_display": "100.00", "missing_lines": 0, "excluded_lines": 0}, "missing_lines": [], "excluded_lines": []}, "apply_search": {"executed_lines": [88, 89, 92, 93, 94, 97, 98, 99, 101], "summary": {"covered_lines": 9, "num_statements": 9, "percent_covered": 100.0, "percent_covered_display": "100.00", "missing_lines": 0, "excluded_lines": 0}, "missing_lines": [], "excluded_lines": []}, "create_paginated_response": {"executed_lines": [120, 122], "summary": {"covered_lines": 2, "num_statements": 2, "percent_covered": 100.0, "percent_covered_display": "100.00", "missing_lines": 0, "excluded_lines": 0}, "missing_lines": [], "excluded_lines": []}, "paginate_query": {"executed_lines": [152, 153, 156, 159, 161], "summary": {"covered_lines": 5, "num_statements": 5, "percent_covered": 100.0, "percent_covered_display": "100.00", "missing_lines": 0, "excluded_lines": 0}, "missing_lines": [], "excluded_lines": []}, "": {"executed_lines": [1, 8, 9, 10, 11, 12, 14, 15, 19, 22, 23, 24, 25, 27, 28, 33, 34, 35, 36, 37, 38, 39, 40, 43, 51, 67, 72, 104, 133], "summary": {"covered_lines": 26, "num_statements": 26, "percent_covered": 100.0, "percent_covered_display": "100.00", "missing_lines": 0, "excluded_lines": 0}, "missing_lines": [], "excluded_lines": []}}, "classes": {"PaginationParams": {"executed_lines": [30], "summary": {"covered_lines": 1, "num_statements": 1, "percent_covered": 100.0, "percent_covered_display": "100.00", "missing_lines": 0, "excluded_lines": 0}, "missing_lines": [], "excluded_lines": []}, "PaginationMeta": {"executed_lines": [], "summary": {"covered_lines": 0, "num_statements": 0, "percent_covered": 100.0, "percent_covered_display": "100.00", "missing_lines": 0, "excluded_lines": 0}, "missing_lines": [], "excluded_lines": []}, "": {"executed_lines": [1, 8, 9, 10, 11, 12, 14, 15, 19, 22, 23, 24, 25, 27, 28, 33, 34, 35, 36, 37, 38, 39, 40, 43, 48, 51, 53, 54, 55, 57, 67, 69, 72, 88, 89, 92, 93, 94, 97, 98, 99, 101, 104, 120, 122, 133, 152, 153, 156, 159, 161], "summary": {"covered_lines": 48, "num_statements": 48, "percent_covered": 100.0, "percent_covered_display": "100.00", "missing_lines": 0, "excluded_lines": 0}, "missing_lines": [], "excluded_lines": []}}}, "app/core/constants.py": {"executed_lines": [1, 12, 13, 16, 17, 18, 19, 30, 37, 38, 45, 46, 49, 50, 51, 52, 55, 56, 57, 60, 61, 64, 71, 72, 75, 76, 79, 80, 81, 82, 83, 84, 85, 88, 89, 92, 93, 94, 101, 102, 105, 106, 107, 108, 111, 112, 113, 114, 117, 118, 119, 122, 123, 124, 127, 128, 129, 130, 131, 132, 135, 136, 139, 140, 141, 148, 149, 152, 153, 154, 155, 158, 159, 160, 163, 164, 165, 168, 169, 170, 171, 174, 175, 178, 179, 180, 187, 188, 191, 192, 193, 194, 197, 198, 199, 206, 207, 210, 211, 214, 215, 218, 219, 226, 227, 229, 230, 231, 232, 235, 238, 239, 247, 248, 249, 252, 253, 254, 255], "summary": {"covered_lines": 110, "num_statements": 110, "percent_covered": 100.0, "percent_covered_display": "100.00", "missing_lines": 0, "excluded_lines": 0}, "missing_lines": [], "excluded_lines": [], "functions": {"": {"executed_lines": [1, 12, 13, 16, 17, 18, 19, 30, 37, 38, 45, 46, 49, 50, 51, 52, 55, 56, 57, 60, 61, 64, 71, 72, 75, 76, 79, 80, 81, 82, 83, 84, 85, 88, 89, 92, 93, 94, 101, 102, 105, 106, 107, 108, 111, 112, 113, 114, 117, 118, 119, 122, 123, 124, 127, 128, 129, 130, 131, 132, 135, 136, 139, 140, 141, 148, 149, 152, 153, 154, 155, 158, 159, 160, 163, 164, 165, 168, 169, 170, 171, 174, 175, 178, 179, 180, 187, 188, 191, 192, 193, 194, 197, 198, 199, 206, 207, 210, 211, 214, 215, 218, 219, 226, 227, 229, 230, 231, 232, 235, 238, 239, 247, 248, 249, 252, 253, 254, 255], "summary": {"covered_lines": 110, "num_statements": 110, "percent_covered": 100.0, "percent_covered_display": "100.00", "missing_lines": 0, "excluded_lines": 0}, "missing_lines": [], "excluded_lines": []}}, "classes": {"APIConfig": {"executed_lines": [], "summary": {"covered_lines": 0, "num_statements": 0, "percent_covered": 100.0, "percent_covered_display": "100.00", "missing_lines": 0, "excluded_lines": 0}, "missing_lines": [], "excluded_lines": []}, "AuthConfig": {"executed_lines": [], "summary": {"covered_lines": 0, "num_statements": 0, "percent_covered": 100.0, "percent_covered_display": "100.00", "missing_lines": 0, "excluded_lines": 0}, "missing_lines": [], "excluded_lines": []}, "BusinessLimits": {"executed_lines": [], "summary": {"covered_lines": 0, "num_statements": 0, "percent_covered": 100.0, "percent_covered_display": "100.00", "missing_lines": 0, "excluded_lines": 0}, "missing_lines": [], "excluded_lines": []}, "ErrorMessages": {"executed_lines": [], "summary": {"covered_lines": 0, "num_statements": 0, "percent_covered": 100.0, "percent_covered_display": "100.00", "missing_lines": 0, "excluded_lines": 0}, "missing_lines": [], "excluded_lines": []}, "ErrorCodes": {"executed_lines": [], "summary": {"covered_lines": 0, "num_statements": 0, "percent_covered": 100.0, "percent_covered_display": "100.00", "missing_lines": 0, "excluded_lines": 0}, "missing_lines": [], "excluded_lines": []}, "DatabaseConfig": {"executed_lines": [], "summary": {"covered_lines": 0, "num_statements": 0, "percent_covered": 100.0, "percent_covered_display": "100.00", "missing_lines": 0, "excluded_lines": 0}, "missing_lines": [], "excluded_lines": []}, "LoggingConfig": {"executed_lines": [], "summary": {"covered_lines": 0, "num_statements": 0, "percent_covered": 100.0, "percent_covered_display": "100.00", "missing_lines": 0, "excluded_lines": 0}, "missing_lines": [], "excluded_lines": []}, "EnvironmentConfig": {"executed_lines": [], "summary": {"covered_lines": 0, "num_statements": 0, "percent_covered": 100.0, "percent_covered_display": "100.00", "missing_lines": 0, "excluded_lines": 0}, "missing_lines": [], "excluded_lines": []}, "": {"executed_lines": [1, 12, 13, 16, 17, 18, 19, 30, 37, 38, 45, 46, 49, 50, 51, 52, 55, 56, 57, 60, 61, 64, 71, 72, 75, 76, 79, 80, 81, 82, 83, 84, 85, 88, 89, 92, 93, 94, 101, 102, 105, 106, 107, 108, 111, 112, 113, 114, 117, 118, 119, 122, 123, 124, 127, 128, 129, 130, 131, 132, 135, 136, 139, 140, 141, 148, 149, 152, 153, 154, 155, 158, 159, 160, 163, 164, 165, 168, 169, 170, 171, 174, 175, 178, 179, 180, 187, 188, 191, 192, 193, 194, 197, 198, 199, 206, 207, 210, 211, 214, 215, 218, 219, 226, 227, 229, 230, 231, 232, 235, 238, 239, 247, 248, 249, 252, 253, 254, 255], "summary": {"covered_lines": 110, "num_statements": 110, "percent_covered": 100.0, "percent_covered_display": "100.00", "missing_lines": 0, "excluded_lines": 0}, "missing_lines": [], "excluded_lines": []}}}, "app/core/exception.py": {"executed_lines": [1, 2, 3, 4, 5, 6, 7, 8, 9, 11, 13, 52, 61, 62, 65, 66, 73, 74, 82, 83, 98, 104, 146], "summary": {"covered_lines": 23, "num_statements": 43, "percent_covered": 53.48837209302326, "percent_covered_display": "53.49", "missing_lines": 20, "excluded_lines": 0}, "missing_lines": [23, 26, 28, 40, 90, 110, 112, 125, 129, 130, 131, 133, 152, 155, 157, 166, 173, 174, 175, 177], "excluded_lines": [], "functions": {"validation_exception_handler": {"executed_lines": [], "summary": {"covered_lines": 0, "num_statements": 4, "percent_covered": 0.0, "percent_covered_display": "0.00", "missing_lines": 4, "excluded_lines": 0}, "missing_lines": [23, 26, 28, 40], "excluded_lines": []}, "http_exception_handler": {"executed_lines": [61, 62, 65, 66, 73, 74, 82, 83, 98], "summary": {"covered_lines": 9, "num_statements": 10, "percent_covered": 90.0, "percent_covered_display": "90.00", "missing_lines": 1, "excluded_lines": 0}, "missing_lines": [90], "excluded_lines": []}, "database_exception_handler": {"executed_lines": [], "summary": {"covered_lines": 0, "num_statements": 7, "percent_covered": 0.0, "percent_covered_display": "0.00", "missing_lines": 7, "excluded_lines": 0}, "missing_lines": [110, 112, 125, 129, 130, 131, 133], "excluded_lines": []}, "general_exception_handler": {"executed_lines": [], "summary": {"covered_lines": 0, "num_statements": 8, "percent_covered": 0.0, "percent_covered_display": "0.00", "missing_lines": 8, "excluded_lines": 0}, "missing_lines": [152, 155, 157, 166, 173, 174, 175, 177], "excluded_lines": []}, "": {"executed_lines": [1, 2, 3, 4, 5, 6, 7, 8, 9, 11, 13, 52, 104, 146], "summary": {"covered_lines": 14, "num_statements": 14, "percent_covered": 100.0, "percent_covered_display": "100.00", "missing_lines": 0, "excluded_lines": 0}, "missing_lines": [], "excluded_lines": []}}, "classes": {"": {"executed_lines": [1, 2, 3, 4, 5, 6, 7, 8, 9, 11, 13, 52, 61, 62, 65, 66, 73, 74, 82, 83, 98, 104, 146], "summary": {"covered_lines": 23, "num_statements": 43, "percent_covered": 53.48837209302326, "percent_covered_display": "53.49", "missing_lines": 20, "excluded_lines": 0}, "missing_lines": [23, 26, 28, 40, 90, 110, 112, 125, 129, 130, 131, 133, 152, 155, 157, 166, 173, 174, 175, 177], "excluded_lines": []}}}, "app/core/security.py": {"executed_lines": [1, 2, 3, 4, 5, 6, 8, 11, 14, 15, 16, 19, 27, 28, 29, 30, 32, 33, 35, 36, 37, 43, 45, 46, 50, 51, 52, 54, 55, 56, 59, 61, 64, 65, 66, 67, 69, 70, 71, 72], "summary": {"covered_lines": 40, "num_statements": 44, "percent_covered": 90.9090909090909, "percent_covered_display": "90.91", "missing_lines": 4, "excluded_lines": 0}, "missing_lines": [38, 40, 41, 48], "excluded_lines": [], "functions": {"verify_password": {"executed_lines": [28, 29, 30, 32, 33, 35, 36, 37], "summary": {"covered_lines": 8, "num_statements": 11, "percent_covered": 72.72727272727273, "percent_covered_display": "72.73", "missing_lines": 3, "excluded_lines": 0}, "missing_lines": [38, 40, 41], "excluded_lines": []}, "get_password_hash": {"executed_lines": [45, 46, 50, 51, 52, 54, 55, 56], "summary": {"covered_lines": 8, "num_statements": 9, "percent_covered": 88.88888888888889, "percent_covered_display": "88.89", "missing_lines": 1, "excluded_lines": 0}, "missing_lines": [48], "excluded_lines": []}, "hash_password": {"executed_lines": [61], "summary": {"covered_lines": 1, "num_statements": 1, "percent_covered": 100.0, "percent_covered_display": "100.00", "missing_lines": 0, "excluded_lines": 0}, "missing_lines": [], "excluded_lines": []}, "create_access_token": {"executed_lines": [65, 66, 67, 69, 70, 71, 72], "summary": {"covered_lines": 7, "num_statements": 7, "percent_covered": 100.0, "percent_covered_display": "100.00", "missing_lines": 0, "excluded_lines": 0}, "missing_lines": [], "excluded_lines": []}, "": {"executed_lines": [1, 2, 3, 4, 5, 6, 8, 11, 14, 15, 16, 19, 27, 43, 59, 64], "summary": {"covered_lines": 16, "num_statements": 16, "percent_covered": 100.0, "percent_covered_display": "100.00", "missing_lines": 0, "excluded_lines": 0}, "missing_lines": [], "excluded_lines": []}}, "classes": {"": {"executed_lines": [1, 2, 3, 4, 5, 6, 8, 11, 14, 15, 16, 19, 27, 28, 29, 30, 32, 33, 35, 36, 37, 43, 45, 46, 50, 51, 52, 54, 55, 56, 59, 61, 64, 65, 66, 67, 69, 70, 71, 72], "summary": {"covered_lines": 40, "num_statements": 44, "percent_covered": 90.9090909090909, "percent_covered_display": "90.91", "missing_lines": 4, "excluded_lines": 0}, "missing_lines": [38, 40, 41, 48], "excluded_lines": []}}}, "app/core/websocket_manager.py": {"executed_lines": [1, 2, 3, 5, 8, 9, 11, 14, 16, 30, 42, 61], "summary": {"covered_lines": 11, "num_statements": 32, "percent_covered": 34.375, "percent_covered_display": "34.38", "missing_lines": 21, "excluded_lines": 0}, "missing_lines": [18, 20, 21, 23, 24, 32, 33, 34, 37, 38, 40, 44, 45, 46, 47, 49, 50, 51, 52, 57, 58], "excluded_lines": [], "functions": {"ConnectionManager.__init__": {"executed_lines": [14], "summary": {"covered_lines": 1, "num_statements": 1, "percent_covered": 100.0, "percent_covered_display": "100.00", "missing_lines": 0, "excluded_lines": 0}, "missing_lines": [], "excluded_lines": []}, "ConnectionManager.connect": {"executed_lines": [], "summary": {"covered_lines": 0, "num_statements": 5, "percent_covered": 0.0, "percent_covered_display": "0.00", "missing_lines": 5, "excluded_lines": 0}, "missing_lines": [18, 20, 21, 23, 24], "excluded_lines": []}, "ConnectionManager.disconnect": {"executed_lines": [], "summary": {"covered_lines": 0, "num_statements": 6, "percent_covered": 0.0, "percent_covered_display": "0.00", "missing_lines": 6, "excluded_lines": 0}, "missing_lines": [32, 33, 34, 37, 38, 40], "excluded_lines": []}, "ConnectionManager.broadcast_to_poll": {"executed_lines": [], "summary": {"covered_lines": 0, "num_statements": 10, "percent_covered": 0.0, "percent_covered_display": "0.00", "missing_lines": 10, "excluded_lines": 0}, "missing_lines": [44, 45, 46, 47, 49, 50, 51, 52, 57, 58], "excluded_lines": []}, "": {"executed_lines": [1, 2, 3, 5, 8, 9, 11, 16, 30, 42, 61], "summary": {"covered_lines": 10, "num_statements": 10, "percent_covered": 100.0, "percent_covered_display": "100.00", "missing_lines": 0, "excluded_lines": 0}, "missing_lines": [], "excluded_lines": []}}, "classes": {"ConnectionManager": {"executed_lines": [14], "summary": {"covered_lines": 1, "num_statements": 22, "percent_covered": 4.545454545454546, "percent_covered_display": "4.55", "missing_lines": 21, "excluded_lines": 0}, "missing_lines": [18, 20, 21, 23, 24, 32, 33, 34, 37, 38, 40, 44, 45, 46, 47, 49, 50, 51, 52, 57, 58], "excluded_lines": []}, "": {"executed_lines": [1, 2, 3, 5, 8, 9, 11, 16, 30, 42, 61], "summary": {"covered_lines": 10, "num_statements": 10, "percent_covered": 100.0, "percent_covered_display": "100.00", "missing_lines": 0, "excluded_lines": 0}, "missing_lines": [], "excluded_lines": []}}}, "app/db/database.py": {"executed_lines": [1, 2, 3, 4, 7, 10, 13, 15, 22, 25, 28, 29, 30, 31, 33], "summary": {"covered_lines": 15, "num_statements": 16, "percent_covered": 93.75, "percent_covered_display": "93.75", "missing_lines": 1, "excluded_lines": 0}, "missing_lines": [21], "excluded_lines": [], "functions": {"get_db": {"executed_lines": [29, 30, 31, 33], "summary": {"covered_lines": 4, "num_statements": 4, "percent_covered": 100.0, "percent_covered_display": "100.00", "missing_lines": 0, "excluded_lines": 0}, "missing_lines": [], "excluded_lines": []}, "": {"executed_lines": [1, 2, 3, 4, 7, 10, 13, 15, 22, 25, 28], "summary": {"covered_lines": 11, "num_statements": 12, "percent_covered": 91.66666666666667, "percent_covered_display": "91.67", "missing_lines": 1, "excluded_lines": 0}, "missing_lines": [21], "excluded_lines": []}}, "classes": {"": {"executed_lines": [1, 2, 3, 4, 7, 10, 13, 15, 22, 25, 28, 29, 30, 31, 33], "summary": {"covered_lines": 15, "num_statements": 16, "percent_covered": 93.75, "percent_covered_display": "93.75", "missing_lines": 1, "excluded_lines": 0}, "missing_lines": [21], "excluded_lines": []}}}, "app/models/polls.py": {"executed_lines": [1, 2, 3, 4, 7, 8, 10, 11, 12, 13, 14, 17, 18, 21, 23, 31, 32, 34, 35, 36, 37, 40, 43, 50, 51, 53, 54, 55, 56, 57, 60, 61, 62, 65], "summary": {"covered_lines": 34, "num_statements": 34, "percent_covered": 100.0, "percent_covered_display": "100.00", "missing_lines": 0, "excluded_lines": 0}, "missing_lines": [], "excluded_lines": [], "functions": {"": {"executed_lines": [1, 2, 3, 4, 7, 8, 10, 11, 12, 13, 14, 17, 18, 21, 23, 31, 32, 34, 35, 36, 37, 40, 43, 50, 51, 53, 54, 55, 56, 57, 60, 61, 62, 65], "summary": {"covered_lines": 34, "num_statements": 34, "percent_covered": 100.0, "percent_covered_display": "100.00", "missing_lines": 0, "excluded_lines": 0}, "missing_lines": [], "excluded_lines": []}}, "classes": {"Poll": {"executed_lines": [], "summary": {"covered_lines": 0, "num_statements": 0, "percent_covered": 100.0, "percent_covered_display": "100.00", "missing_lines": 0, "excluded_lines": 0}, "missing_lines": [], "excluded_lines": []}, "PollOption": {"executed_lines": [], "summary": {"covered_lines": 0, "num_statements": 0, "percent_covered": 100.0, "percent_covered_display": "100.00", "missing_lines": 0, "excluded_lines": 0}, "missing_lines": [], "excluded_lines": []}, "Vote": {"executed_lines": [], "summary": {"covered_lines": 0, "num_statements": 0, "percent_covered": 100.0, "percent_covered_display": "100.00", "missing_lines": 0, "excluded_lines": 0}, "missing_lines": [], "excluded_lines": []}, "": {"executed_lines": [1, 2, 3, 4, 7, 8, 10, 11, 12, 13, 14, 17, 18, 21, 23, 31, 32, 34, 35, 36, 37, 40, 43, 50, 51, 53, 54, 55, 56, 57, 60, 61, 62, 65], "summary": {"covered_lines": 34, "num_statements": 34, "percent_covered": 100.0, "percent_covered_display": "100.00", "missing_lines": 0, "excluded_lines": 0}, "missing_lines": [], "excluded_lines": []}}}, "app/models/user.py": {"executed_lines": [1, 2, 3, 6, 7, 9, 10, 11, 12, 13, 14, 17, 19], "summary": {"covered_lines": 13, "num_statements": 13, "percent_covered": 100.0, "percent_covered_display": "100.00", "missing_lines": 0, "excluded_lines": 0}, "missing_lines": [], "excluded_lines": [], "functions": {"": {"executed_lines": [1, 2, 3, 6, 7, 9, 10, 11, 12, 13, 14, 17, 19], "summary": {"covered_lines": 13, "num_statements": 13, "percent_covered": 100.0, "percent_covered_display": "100.00", "missing_lines": 0, "excluded_lines": 0}, "missing_lines": [], "excluded_lines": []}}, "classes": {"User": {"executed_lines": [], "summary": {"covered_lines": 0, "num_statements": 0, "percent_covered": 100.0, "percent_covered_display": "100.00", "missing_lines": 0, "excluded_lines": 0}, "missing_lines": [], "excluded_lines": []}, "": {"executed_lines": [1, 2, 3, 6, 7, 9, 10, 11, 12, 13, 14, 17, 19], "summary": {"covered_lines": 13, "num_statements": 13, "percent_covered": 100.0, "percent_covered_display": "100.00", "missing_lines": 0, "excluded_lines": 0}, "missing_lines": [], "excluded_lines": []}}}, "app/schemas/common.py": {"executed_lines": [1, 7, 8, 12, 15, 16, 17, 18, 19, 20, 21, 22, 23, 25], "summary": {"covered_lines": 12, "num_statements": 12, "percent_covered": 100.0, "percent_covered_display": "100.00", "missing_lines": 0, "excluded_lines": 0}, "missing_lines": [], "excluded_lines": [], "functions": {"": {"executed_lines": [1, 7, 8, 12, 15, 16, 17, 18, 19, 20, 21, 22, 23, 25], "summary": {"covered_lines": 12, "num_statements": 12, "percent_covered": 100.0, "percent_covered_display": "100.00", "missing_lines": 0, "excluded_lines": 0}, "missing_lines": [], "excluded_lines": []}}, "classes": {"PaginatedResponse": {"executed_lines": [], "summary": {"covered_lines": 0, "num_statements": 0, "percent_covered": 100.0, "percent_covered_display": "100.00", "missing_lines": 0, "excluded_lines": 0}, "missing_lines": [], "excluded_lines": []}, "": {"executed_lines": [1, 7, 8, 12, 15, 16, 17, 18, 19, 20, 21, 22, 23, 25], "summary": {"covered_lines": 12, "num_statements": 12, "percent_covered": 100.0, "percent_covered_display": "100.00", "missing_lines": 0, "excluded_lines": 0}, "missing_lines": [], "excluded_lines": []}}}, "app/schemas/error.py": {"executed_lines": [1, 2, 3, 5, 6, 7, 8, 9, 10, 12, 13, 14, 15, 16, 17, 18, 20, 21, 22, 23, 24, 25, 26, 27, 29, 30, 31, 32, 33, 34, 36, 37, 38, 39, 40, 41, 42, 43, 45, 46, 47, 48, 49, 50, 51, 52, 53, 55, 56, 57, 58, 59, 60, 61, 64, 65, 66, 67, 68, 69, 70, 71, 72, 73], "summary": {"covered_lines": 32, "num_statements": 32, "percent_covered": 100.0, "percent_covered_display": "100.00", "missing_lines": 0, "excluded_lines": 0}, "missing_lines": [], "excluded_lines": [], "functions": {"": {"executed_lines": [1, 2, 3, 5, 6, 7, 8, 9, 10, 12, 13, 14, 15, 16, 17, 18, 20, 21, 22, 23, 24, 25, 26, 27, 29, 30, 31, 32, 33, 34, 36, 37, 38, 39, 40, 41, 42, 43, 45, 46, 47, 48, 49, 50, 51, 52, 53, 55, 56, 57, 58, 59, 60, 61, 64, 65, 66, 67, 68, 69, 70, 71, 72, 73], "summary": {"covered_lines": 32, "num_statements": 32, "percent_covered": 100.0, "percent_covered_display": "100.00", "missing_lines": 0, "excluded_lines": 0}, "missing_lines": [], "excluded_lines": []}}, "classes": {"ErrorDetail": {"executed_lines": [], "summary": {"covered_lines": 0, "num_statements": 0, "percent_covered": 100.0, "percent_covered_display": "100.00", "missing_lines": 0, "excluded_lines": 0}, "missing_lines": [], "excluded_lines": []}, "ValidationErrorResponse": {"executed_lines": [], "summary": {"covered_lines": 0, "num_statements": 0, "percent_covered": 100.0, "percent_covered_display": "100.00", "missing_lines": 0, "excluded_lines": 0}, "missing_lines": [], "excluded_lines": []}, "BusinessErrorResponse": {"executed_lines": [], "summary": {"covered_lines": 0, "num_statements": 0, "percent_covered": 100.0, "percent_covered_display": "100.00", "missing_lines": 0, "excluded_lines": 0}, "missing_lines": [], "excluded_lines": []}, "AuthErrorResponse": {"executed_lines": [], "summary": {"covered_lines": 0, "num_statements": 0, "percent_covered": 100.0, "percent_covered_display": "100.00", "missing_lines": 0, "excluded_lines": 0}, "missing_lines": [], "excluded_lines": []}, "NotFoundErrorResponse": {"executed_lines": [], "summary": {"covered_lines": 0, "num_statements": 0, "percent_covered": 100.0, "percent_covered_display": "100.00", "missing_lines": 0, "excluded_lines": 0}, "missing_lines": [], "excluded_lines": []}, "RateLimitErrorResponse": {"executed_lines": [], "summary": {"covered_lines": 0, "num_statements": 0, "percent_covered": 100.0, "percent_covered_display": "100.00", "missing_lines": 0, "excluded_lines": 0}, "missing_lines": [], "excluded_lines": []}, "ServerErrorResponse": {"executed_lines": [], "summary": {"covered_lines": 0, "num_statements": 0, "percent_covered": 100.0, "percent_covered_display": "100.00", "missing_lines": 0, "excluded_lines": 0}, "missing_lines": [], "excluded_lines": []}, "GenericErrorResponse": {"executed_lines": [], "summary": {"covered_lines": 0, "num_statements": 0, "percent_covered": 100.0, "percent_covered_display": "100.00", "missing_lines": 0, "excluded_lines": 0}, "missing_lines": [], "excluded_lines": []}, "": {"executed_lines": [1, 2, 3, 5, 6, 7, 8, 9, 10, 12, 13, 14, 15, 16, 17, 18, 20, 21, 22, 23, 24, 25, 26, 27, 29, 30, 31, 32, 33, 34, 36, 37, 38, 39, 40, 41, 42, 43, 45, 46, 47, 48, 49, 50, 51, 52, 53, 55, 56, 57, 58, 59, 60, 61, 64, 65, 66, 67, 68, 69, 70, 71, 72, 73], "summary": {"covered_lines": 32, "num_statements": 32, "percent_covered": 100.0, "percent_covered_display": "100.00", "missing_lines": 0, "excluded_lines": 0}, "missing_lines": [], "excluded_lines": []}}}, "app/schemas/poll.py": {"executed_lines": [1, 2, 3, 4, 5, 8, 9, 16, 22, 26, 31, 32, 33, 37, 40, 41, 45, 48, 50, 51, 52, 54, 56, 58, 59, 60, 61, 62, 65, 68, 70, 71, 72, 77, 78, 106, 107, 108, 109, 110, 111, 112, 113, 116, 117, 118, 119, 121, 124, 125, 131, 136, 137, 142, 143, 145, 148, 152, 155, 156, 160, 163, 165, 166, 168, 172, 173, 176, 177, 178, 186, 187, 188, 192, 195, 196, 200, 203, 205, 206, 207, 208, 209, 210, 211, 213, 215, 216, 217, 218, 219, 220, 222, 239, 240, 241, 242, 243, 244, 245, 247, 249, 250, 251, 252, 253, 254, 255, 256, 258, 279, 280, 281, 282, 283, 284, 285, 286, 288, 302, 303, 304, 305, 306, 307, 308, 309, 310, 312, 341], "summary": {"covered_lines": 112, "num_statements": 141, "percent_covered": 79.43262411347517, "percent_covered_display": "79.43", "missing_lines": 29, "excluded_lines": 0}, "missing_lines": [34, 42, 46, 66, 79, 80, 83, 84, 87, 88, 89, 90, 91, 92, 93, 95, 96, 99, 100, 101, 103, 146, 149, 157, 161, 169, 189, 197, 201], "excluded_lines": [], "functions": {"PollCreate.validate_title": {"executed_lines": [33, 37, 40, 41, 45, 48], "summary": {"covered_lines": 6, "num_statements": 9, "percent_covered": 66.66666666666667, "percent_covered_display": "66.67", "missing_lines": 3, "excluded_lines": 0}, "missing_lines": [34, 42, 46], "excluded_lines": []}, "PollCreate.validate_description": {"executed_lines": [52, 54, 56], "summary": {"covered_lines": 3, "num_statements": 3, "percent_covered": 100.0, "percent_covered_display": "100.00", "missing_lines": 0, "excluded_lines": 0}, "missing_lines": [], "excluded_lines": []}, "PollCreate.validate_poll_data": {"executed_lines": [60, 61, 62, 65, 68], "summary": {"covered_lines": 5, "num_statements": 6, "percent_covered": 83.33333333333333, "percent_covered_display": "83.33", "missing_lines": 1, "excluded_lines": 0}, "missing_lines": [66], "excluded_lines": []}, "PollCreateWithOptions.validate_options": {"executed_lines": [], "summary": {"covered_lines": 0, "num_statements": 17, "percent_covered": 0.0, "percent_covered_display": "0.00", "missing_lines": 17, "excluded_lines": 0}, "missing_lines": [79, 80, 83, 84, 87, 88, 89, 90, 91, 92, 93, 95, 96, 99, 100, 101, 103], "excluded_lines": []}, "PollUpdate.validate_title": {"executed_lines": [145, 148, 152, 155, 156, 160, 163], "summary": {"covered_lines": 7, "num_statements": 11, "percent_covered": 63.63636363636363, "percent_covered_display": "63.64", "missing_lines": 4, "excluded_lines": 0}, "missing_lines": [146, 149, 157, 161], "excluded_lines": []}, "PollUpdate.validate_description": {"executed_lines": [168, 172, 173], "summary": {"covered_lines": 3, "num_statements": 4, "percent_covered": 75.0, "percent_covered_display": "75.00", "missing_lines": 1, "excluded_lines": 0}, "missing_lines": [169], "excluded_lines": []}, "PollOptionCreate.validate_text": {"executed_lines": [188, 192, 195, 196, 200, 203], "summary": {"covered_lines": 6, "num_statements": 9, "percent_covered": 66.66666666666667, "percent_covered_display": "66.67", "missing_lines": 3, "excluded_lines": 0}, "missing_lines": [189, 197, 201], "excluded_lines": []}, "": {"executed_lines": [1, 2, 3, 4, 5, 8, 9, 16, 22, 26, 31, 32, 50, 51, 58, 59, 70, 71, 72, 77, 78, 106, 107, 108, 109, 110, 111, 112, 113, 116, 117, 118, 119, 121, 124, 125, 131, 136, 137, 142, 143, 165, 166, 176, 177, 178, 186, 187, 205, 206, 207, 208, 209, 210, 211, 213, 215, 216, 217, 218, 219, 220, 222, 239, 240, 241, 242, 243, 244, 245, 247, 249, 250, 251, 252, 253, 254, 255, 256, 258, 279, 280, 281, 282, 283, 284, 285, 286, 288, 302, 303, 304, 305, 306, 307, 308, 309, 310, 312, 341], "summary": {"covered_lines": 82, "num_statements": 82, "percent_covered": 100.0, "percent_covered_display": "100.00", "missing_lines": 0, "excluded_lines": 0}, "missing_lines": [], "excluded_lines": []}}, "classes": {"PollCreate": {"executed_lines": [33, 37, 40, 41, 45, 48, 52, 54, 56, 60, 61, 62, 65, 68], "summary": {"covered_lines": 14, "num_statements": 18, "percent_covered": 77.77777777777777, "percent_covered_display": "77.78", "missing_lines": 4, "excluded_lines": 0}, "missing_lines": [34, 42, 46, 66], "excluded_lines": []}, "PollCreateWithOptions": {"executed_lines": [], "summary": {"covered_lines": 0, "num_statements": 17, "percent_covered": 0.0, "percent_covered_display": "0.00", "missing_lines": 17, "excluded_lines": 0}, "missing_lines": [79, 80, 83, 84, 87, 88, 89, 90, 91, 92, 93, 95, 96, 99, 100, 101, 103], "excluded_lines": []}, "PollRead": {"executed_lines": [], "summary": {"covered_lines": 0, "num_statements": 0, "percent_covered": 100.0, "percent_covered_display": "100.00", "missing_lines": 0, "excluded_lines": 0}, "missing_lines": [], "excluded_lines": []}, "PollUpdate": {"executed_lines": [145, 148, 152, 155, 156, 160, 163, 168, 172, 173], "summary": {"covered_lines": 10, "num_statements": 15, "percent_covered": 66.66666666666667, "percent_covered_display": "66.67", "missing_lines": 5, "excluded_lines": 0}, "missing_lines": [146, 149, 157, 161, 169], "excluded_lines": []}, "PollOptionCreate": {"executed_lines": [188, 192, 195, 196, 200, 203], "summary": {"covered_lines": 6, "num_statements": 9, "percent_covered": 66.66666666666667, "percent_covered_display": "66.67", "missing_lines": 3, "excluded_lines": 0}, "missing_lines": [189, 197, 201], "excluded_lines": []}, "PollOptionRead": {"executed_lines": [], "summary": {"covered_lines": 0, "num_statements": 0, "percent_covered": 100.0, "percent_covered_display": "100.00", "missing_lines": 0, "excluded_lines": 0}, "missing_lines": [], "excluded_lines": []}, "PollOptionResponse": {"executed_lines": [], "summary": {"covered_lines": 0, "num_statements": 0, "percent_covered": 100.0, "percent_covered_display": "100.00", "missing_lines": 0, "excluded_lines": 0}, "missing_lines": [], "excluded_lines": []}, "VoteRead": {"executed_lines": [], "summary": {"covered_lines": 0, "num_statements": 0, "percent_covered": 100.0, "percent_covered_display": "100.00", "missing_lines": 0, "excluded_lines": 0}, "missing_lines": [], "excluded_lines": []}, "VoteResponse": {"executed_lines": [], "summary": {"covered_lines": 0, "num_statements": 0, "percent_covered": 100.0, "percent_covered_display": "100.00", "missing_lines": 0, "excluded_lines": 0}, "missing_lines": [], "excluded_lines": []}, "PaginationMeta": {"executed_lines": [], "summary": {"covered_lines": 0, "num_statements": 0, "percent_covered": 100.0, "percent_covered_display": "100.00", "missing_lines": 0, "excluded_lines": 0}, "missing_lines": [], "excluded_lines": []}, "PaginatedPollResponse": {"executed_lines": [], "summary": {"covered_lines": 0, "num_statements": 0, "percent_covered": 100.0, "percent_covered_display": "100.00", "missing_lines": 0, "excluded_lines": 0}, "missing_lines": [], "excluded_lines": []}, "": {"executed_lines": [1, 2, 3, 4, 5, 8, 9, 16, 22, 26, 31, 32, 50, 51, 58, 59, 70, 71, 72, 77, 78, 106, 107, 108, 109, 110, 111, 112, 113, 116, 117, 118, 119, 121, 124, 125, 131, 136, 137, 142, 143, 165, 166, 176, 177, 178, 186, 187, 205, 206, 207, 208, 209, 210, 211, 213, 215, 216, 217, 218, 219, 220, 222, 239, 240, 241, 242, 243, 244, 245, 247, 249, 250, 251, 252, 253, 254, 255, 256, 258, 279, 280, 281, 282, 283, 284, 285, 286, 288, 302, 303, 304, 305, 306, 307, 308, 309, 310, 312, 341], "summary": {"covered_lines": 82, "num_statements": 82, "percent_covered": 100.0, "percent_covered_display": "100.00", "missing_lines": 0, "excluded_lines": 0}, "missing_lines": [], "excluded_lines": []}}}, "app/schemas/user.py": {"executed_lines": [1, 2, 5, 6, 7, 8, 9, 10, 13, 14, 15, 16, 17, 18, 20], "summary": {"covered_lines": 8, "num_statements": 8, "percent_covered": 100.0, "percent_covered_display": "100.00", "missing_lines": 0, "excluded_lines": 0}, "missing_lines": [], "excluded_lines": [], "functions": {"": {"executed_lines": [1, 2, 5, 6, 7, 8, 9, 10, 13, 14, 15, 16, 17, 18, 20], "summary": {"covered_lines": 8, "num_statements": 8, "percent_covered": 100.0, "percent_covered_display": "100.00", "missing_lines": 0, "excluded_lines": 0}, "missing_lines": [], "excluded_lines": []}}, "classes": {"UserCreate": {"executed_lines": [], "summary": {"covered_lines": 0, "num_statements": 0, "percent_covered": 100.0, "percent_covered_display": "100.00", "missing_lines": 0, "excluded_lines": 0}, "missing_lines": [], "excluded_lines": []}, "UserRead": {"executed_lines": [], "summary": {"covered_lines": 0, "num_statements": 0, "percent_covered": 100.0, "percent_covered_display": "100.00", "missing_lines": 0, "excluded_lines": 0}, "missing_lines": [], "excluded_lines": []}, "": {"executed_lines": [1, 2, 5, 6, 7, 8, 9, 10, 13, 14, 15, 16, 17, 18, 20], "summary": {"covered_lines": 8, "num_statements": 8, "percent_covered": 100.0, "percent_covered_display": "100.00", "missing_lines": 0, "excluded_lines": 0}, "missing_lines": [], "excluded_lines": []}}}}, "totals": {"covered_lines": 1034, "num_statements": 1355, "percent_covered": 76.30996309963099, "percent_covered_display": "76.31", "missing_lines": 321, "excluded_lines": 0}}